This is pdfTeX, Version 3.141592653-2.6-1.40.26 (TeX Live 2024) (preloaded format=pdflatex 2024.9.19)  22 SEP 2024 20:31
entering extended mode
 restricted \write18 enabled.
 %&-line parsing enabled.
**/home/alberto/LINUX_DATA/JuliaRepo/Mimosa/Flux_Calibration/PaperLatex_ML/Neur
alNetwork.tex

(/home/alberto/LINUX_DATA/JuliaRepo/Mimosa/Flux_Calibration/PaperLatex_ML/Neura
lNetwork.tex
LaTeX2e <2024-06-01> patch level 2
L3 programming layer <2024-08-30>

! LaTeX Error: Environment table undefined.

See the LaTeX manual or LaTeX Companion for explanation.
Type  H <return>  for immediate help.
 ...                                              
                                                  
l.20 \begin{table}
                  [hbtp!]
? 
! Emergency stop.
 ...                                              
                                                  
l.20 \begin{table}
                  [hbtp!]
Your command was ignored.
Type  I <command> <return>  to replace it with another command,
or  <return>  to continue without it.

 
Here is how much of TeX's memory you used:
 16 strings out of 473579
 721 string characters out of 5728234
 386802 words of memory out of 5000000
 23011 multiletter control sequences out of 15000+600000
 558069 words of font info for 36 fonts, out of 8000000 for 9000
 1141 hyphenation exceptions out of 8191
 12i,0n,13p,179b,16s stack positions out of 10000i,1000n,20000p,200000b,200000s
!  ==> Fatal error occurred, no output PDF file produced!
