This is pdfTeX, Version 3.141592653-2.6-1.40.26 (TeX Live 2024) (preloaded format=pdflatex 2024.9.19)  24 SEP 2024 21:48
entering extended mode
 restricted \write18 enabled.
 %&-line parsing enabled.
**/home/alberto/LINUX_DATA/JuliaRepo/Mimosa/Flux_Calibration/PaperLatex_ML/Ther
moMechanicsPaper.tex

(/home/alberto/LINUX_DATA/JuliaRepo/Mimosa/Flux_Calibration/PaperLatex_ML/Therm
oMechanicsPaper.tex
LaTeX2e <2024-06-01> patch level 2
L3 programming layer <2024-08-30>
(/usr/local/texlive/2024/texmf-dist/tex/latex/elsarticle/elsarticle.cls
Document Class: elsarticle 2024/04/04, 3.4: Elsevier Ltd
(/usr/local/texlive/2024/texmf-dist/tex/latex/base/fontenc.sty
Package: fontenc 2021/04/29 v2.0v Standard LaTeX package
)
(/usr/local/texlive/2024/texmf-dist/tex/latex/l3kernel/expl3.sty
Package: expl3 2024-08-30 L3 programming layer (loader) 

(/usr/local/texlive/2024/texmf-dist/tex/latex/l3backend/l3backend-pdftex.def
File: l3backend-pdftex.def 2024-05-08 L3 backend support: PDF output (pdfTeX)
\l__color_backend_stack_int=\count194
\l__pdf_internal_box=\box52
))
(/usr/local/texlive/2024/texmf-dist/tex/latex/l3packages/xparse/xparse.sty
Package: xparse 2024-08-16 L3 Experimental document command parser
)
(/usr/local/texlive/2024/texmf-dist/tex/latex/etoolbox/etoolbox.sty
Package: etoolbox 2020/10/05 v2.5k e-TeX tools for LaTeX (JAW)
\etb@tempcnta=\count195
)
\@bls=\dimen141

(/usr/local/texlive/2024/texmf-dist/tex/latex/base/article.cls
Document Class: article 2024/02/08 v1.4n Standard LaTeX document class
(/usr/local/texlive/2024/texmf-dist/tex/latex/base/size12.clo
File: size12.clo 2024/02/08 v1.4n Standard LaTeX file (size option)
)
\c@part=\count196
\c@section=\count197
\c@subsection=\count198
\c@subsubsection=\count199
\c@paragraph=\count266
\c@subparagraph=\count267
\c@figure=\count268
\c@table=\count269
\abovecaptionskip=\skip49
\belowcaptionskip=\skip50
\bibindent=\dimen142
)
(/usr/local/texlive/2024/texmf-dist/tex/latex/graphics/graphicx.sty
Package: graphicx 2021/09/16 v1.2d Enhanced LaTeX Graphics (DPC,SPQR)

(/usr/local/texlive/2024/texmf-dist/tex/latex/graphics/keyval.sty
Package: keyval 2022/05/29 v1.15 key=value parser (DPC)
\KV@toks@=\toks17
)
(/usr/local/texlive/2024/texmf-dist/tex/latex/graphics/graphics.sty
Package: graphics 2024/05/23 v1.4g Standard LaTeX Graphics (DPC,SPQR)

(/usr/local/texlive/2024/texmf-dist/tex/latex/graphics/trig.sty
Package: trig 2023/12/02 v1.11 sin cos tan (DPC)
)
(/usr/local/texlive/2024/texmf-dist/tex/latex/graphics-cfg/graphics.cfg
File: graphics.cfg 2016/06/04 v1.11 sample graphics configuration
)
Package graphics Info: Driver file: pdftex.def on input line 106.

(/usr/local/texlive/2024/texmf-dist/tex/latex/graphics-def/pdftex.def
File: pdftex.def 2024/04/13 v1.2c Graphics/color driver for pdftex
))
\Gin@req@height=\dimen143
\Gin@req@width=\dimen144
)
\c@tnote=\count270
\c@fnote=\count271
\c@cnote=\count272
\c@ead=\count273
\c@author=\count274
\@eadauthor=\toks18
\c@affn=\count275
\absbox=\box53
\elsarticlehighlightsbox=\box54
\elsarticlegrabsbox=\box55
\keybox=\box56
\Columnwidth=\dimen145
\space@left=\dimen146
\els@boxa=\box57
\els@boxb=\box58
\leftMargin=\dimen147
\@enLab=\toks19
\@sep=\skip51
\@@sep=\skip52

(./ThermoMechanicsPaper.spl)
(/usr/local/texlive/2024/texmf-dist/tex/latex/natbib/natbib.sty
Package: natbib 2010/09/13 8.31b (PWD, AO)
\bibhang=\skip53
\bibsep=\skip54
LaTeX Info: Redefining \cite on input line 694.
\c@NAT@ctr=\count276
)
\splwrite=\write3
\openout3 = `ThermoMechanicsPaper.spl'.

\appnamewidth=\dimen148
) (./header.tex (/usr/local/texlive/2024/texmf-dist/tex/latex/geometry/geometry
.sty
Package: geometry 2020/01/02 v5.9 Page Geometry

(/usr/local/texlive/2024/texmf-dist/tex/generic/iftex/ifvtex.sty
Package: ifvtex 2019/10/25 v1.7 ifvtex legacy package. Use iftex instead.

(/usr/local/texlive/2024/texmf-dist/tex/generic/iftex/iftex.sty
Package: iftex 2022/02/03 v1.0f TeX engine tests
))
\Gm@cnth=\count277
\Gm@cntv=\count278
\c@Gm@tempcnt=\count279
\Gm@bindingoffset=\dimen149
\Gm@wd@mp=\dimen150
\Gm@odd@mp=\dimen151
\Gm@even@mp=\dimen152
\Gm@layoutwidth=\dimen153
\Gm@layoutheight=\dimen154
\Gm@layouthoffset=\dimen155
\Gm@layoutvoffset=\dimen156
\Gm@dimlist=\toks20
)

Package geometry Warning: Over-specification in `h'-direction.
    `width' (483.69684pt) is ignored.

(/usr/local/texlive/2024/texmf-dist/tex/latex/framed/framed.sty
Package: framed 2011/10/22 v 0.96: framed or shaded text with page breaks
\OuterFrameSep=\skip55
\fb@frw=\dimen157
\fb@frh=\dimen158
\FrameRule=\dimen159
\FrameSep=\dimen160
)
(/usr/local/texlive/2024/texmf-dist/tex/latex/amsfonts/amssymb.sty
Package: amssymb 2013/01/14 v3.01 AMS font symbols

(/usr/local/texlive/2024/texmf-dist/tex/latex/amsfonts/amsfonts.sty
Package: amsfonts 2013/01/14 v3.01 Basic AMSFonts support
\@emptytoks=\toks21
\symAMSa=\mathgroup4
\symAMSb=\mathgroup5
LaTeX Font Info:    Redeclaring math symbol \hbar on input line 98.
LaTeX Font Info:    Overwriting math alphabet `\mathfrak' in version `bold'
(Font)                  U/euf/m/n --> U/euf/b/n on input line 106.
))
(/usr/local/texlive/2024/texmf-dist/tex/latex/moreverb/moreverb.sty
Package: moreverb 2008/06/03 v2.3a `more' verbatim facilities

(/usr/local/texlive/2024/texmf-dist/tex/latex/tools/verbatim.sty
Package: verbatim 2024-01-22 v1.5x LaTeX2e package for verbatim enhancements
\every@verbatim=\toks22
\verbatim@line=\toks23
\verbatim@in@stream=\read2
)
\tab@position=\count280
\tab@size=\count281
\listing@line=\count282
)
(/usr/local/texlive/2024/texmf-dist/tex/latex/tools/bm.sty
Package: bm 2023/12/19 v1.2f Bold Symbol Support (DPC/FMi)
\symboldoperators=\mathgroup6
\symboldletters=\mathgroup7
\symboldsymbols=\mathgroup8
Package bm Info: No bold for \OMX/cmex/m/n, using \pmb.
Package bm Info: No bold for \U/msa/m/n, using \pmb.
Package bm Info: No bold for \U/msb/m/n, using \pmb.
LaTeX Font Info:    Redeclaring math alphabet \mathbf on input line 149.
)
(/usr/local/texlive/2024/texmf-dist/tex/latex/was/upgreek.sty
Package: upgreek 2003/02/12 v2.0 (WaS)
Package upgreek Info: Using Euler Roman for upright Greek on input line 31.
\symugrf@m=\mathgroup9
LaTeX Font Info:    Overwriting symbol font `ugrf@m' in version `bold'
(Font)                  U/eur/m/n --> U/eur/b/n on input line 38.
)
(/usr/local/texlive/2024/texmf-dist/tex/latex/amsmath/amsbsy.sty
Package: amsbsy 1999/11/29 v1.2d Bold Symbols

(/usr/local/texlive/2024/texmf-dist/tex/latex/amsmath/amsgen.sty
File: amsgen.sty 1999/11/30 v2.0 generic functions
\@emptytoks=\toks24
\ex@=\dimen161
)
LaTeX Info: Redefining \boldsymbol on input line 28.
\pmbraise@=\dimen162
)
(/usr/local/texlive/2024/texmf-dist/tex/latex/graphics/color.sty
Package: color 2024/01/14 v1.3d Standard LaTeX Color (DPC)

(/usr/local/texlive/2024/texmf-dist/tex/latex/graphics-cfg/color.cfg
File: color.cfg 2016/01/02 v1.6 sample color configuration
)
Package color Info: Driver file: pdftex.def on input line 149.

(/usr/local/texlive/2024/texmf-dist/tex/latex/graphics/mathcolor.ltx))
(/usr/local/texlive/2024/texmf-dist/tex/latex/amsmath/amsmath.sty
Package: amsmath 2024/05/23 v2.17q AMS math features
\@mathmargin=\skip56

For additional information on amsmath, use the `?' option.
(/usr/local/texlive/2024/texmf-dist/tex/latex/amsmath/amstext.sty
Package: amstext 2021/08/26 v2.01 AMS text
)
(/usr/local/texlive/2024/texmf-dist/tex/latex/amsmath/amsopn.sty
Package: amsopn 2022/04/08 v2.04 operator names
)
\inf@bad=\count283
LaTeX Info: Redefining \frac on input line 233.
\uproot@=\count284
\leftroot@=\count285
LaTeX Info: Redefining \overline on input line 398.
LaTeX Info: Redefining \colon on input line 409.
\classnum@=\count286
\DOTSCASE@=\count287
LaTeX Info: Redefining \ldots on input line 495.
LaTeX Info: Redefining \dots on input line 498.
LaTeX Info: Redefining \cdots on input line 619.
\Mathstrutbox@=\box59
\strutbox@=\box60
LaTeX Info: Redefining \big on input line 721.
LaTeX Info: Redefining \Big on input line 722.
LaTeX Info: Redefining \bigg on input line 723.
LaTeX Info: Redefining \Bigg on input line 724.
\big@size=\dimen163
LaTeX Font Info:    Redeclaring font encoding OML on input line 742.
LaTeX Font Info:    Redeclaring font encoding OMS on input line 743.
\macc@depth=\count288
LaTeX Info: Redefining \bmod on input line 904.
LaTeX Info: Redefining \pmod on input line 909.
LaTeX Info: Redefining \smash on input line 939.
LaTeX Info: Redefining \relbar on input line 969.
LaTeX Info: Redefining \Relbar on input line 970.
\c@MaxMatrixCols=\count289
\dotsspace@=\muskip17
\c@parentequation=\count290
\dspbrk@lvl=\count291
\tag@help=\toks25
\row@=\count292
\column@=\count293
\maxfields@=\count294
\andhelp@=\toks26
\eqnshift@=\dimen164
\alignsep@=\dimen165
\tagshift@=\dimen166
\tagwidth@=\dimen167
\totwidth@=\dimen168
\lineht@=\dimen169
\@envbody=\toks27
\multlinegap=\skip57
\multlinetaggap=\skip58
\mathdisplay@stack=\toks28
LaTeX Info: Redefining \[ on input line 2953.
LaTeX Info: Redefining \] on input line 2954.
)
(/usr/local/texlive/2024/texmf-dist/tex/latex/jknapltx/mathrsfs.sty
Package: mathrsfs 1996/01/01 Math RSFS package v1.0 (jk)
\symrsfs=\mathgroup10
)
(/usr/local/texlive/2024/texmf-dist/tex/latex/base/latexsym.sty
Package: latexsym 1998/08/17 v2.2e Standard LaTeX package (lasy symbols)
\symlasy=\mathgroup11
LaTeX Font Info:    Overwriting symbol font `lasy' in version `bold'
(Font)                  U/lasy/m/n --> U/lasy/b/n on input line 52.
)
(/usr/local/texlive/2024/texmf-dist/tex/latex/algorithms/algorithm.sty
Package: algorithm 2009/08/24 v0.1 Document Style `algorithm' - floating enviro
nment

(/usr/local/texlive/2024/texmf-dist/tex/latex/float/float.sty
Package: float 2001/11/08 v1.3d Float enhancements (AL)
\c@float@type=\count295
\float@exts=\toks29
\float@box=\box61
\@float@everytoks=\toks30
\@floatcapt=\box62
)
(/usr/local/texlive/2024/texmf-dist/tex/latex/base/ifthen.sty
Package: ifthen 2024/03/16 v1.1e Standard LaTeX ifthen package (DPC)
)
\@float@every@algorithm=\toks31
\c@algorithm=\count296
)
(/usr/local/texlive/2024/texmf-dist/tex/latex/algorithmicx/algpseudocode.sty
Package: algpseudocode 

(/usr/local/texlive/2024/texmf-dist/tex/latex/algorithmicx/algorithmicx.sty
Package: algorithmicx 2005/04/27 v1.2 Algorithmicx

Document Style algorithmicx 1.2 - a greatly improved `algorithmic' style
\c@ALG@line=\count297
\c@ALG@rem=\count298
\c@ALG@nested=\count299
\ALG@tlm=\skip59
\ALG@thistlm=\skip60
\c@ALG@Lnr=\count300
\c@ALG@blocknr=\count301
\c@ALG@storecount=\count302
\c@ALG@tmpcounter=\count303
\ALG@tmplength=\skip61
)
Document Style - pseudocode environments for use with the `algorithmicx' style
) (/usr/local/texlive/2024/texmf-dist/tex/latex/multirow/multirow.sty
Package: multirow 2021/03/15 v2.8 Span multiple rows of a table
\multirow@colwidth=\skip62
\multirow@cntb=\count304
\multirow@dima=\skip63
\bigstrutjot=\dimen170
)
(/usr/local/texlive/2024/texmf-dist/tex/latex/pseudocode/pseudocode.sty
** 
** Document Style `pseudocode' - environment 
** by D.L. Kreher and D.R. Stinson 
** 
** The pseudocode environment was originally developed for the book
** Combinatorial Algorithms: Enumeration, Generation, and Search
** CRC Press, 1999. 
Package: pseudocode 
\pcode@width=\skip64
(/usr/local/texlive/2024/texmf-dist/tex/latex/fancybox/fancybox.sty
Package: fancybox 2010/05/15 1.4

Style option: `fancybox' v1.4 <2010/05/15> (tvz)
\@fancybox=\box63
\shadowsize=\dimen171
\@Sbox=\box64
\do@VerbBox=\toks32
\the@fancyput=\toks33
\this@fancyput=\toks34
\EndVerbatimTokens=\toks35
\Verbatim@Outfile=\write4
\Verbatim@Infile=\read3
)
\c@pseudocode=\count305
\c@pseudonum=\count306
) (/usr/local/texlive/2024/texmf-dist/tex/latex/graphics/epsfig.sty
Package: epsfig 2024/01/14 v1.7b (e)psfig emulation (SPQR)
\epsfxsize=\dimen172
\epsfysize=\dimen173
)
(/usr/local/texlive/2024/texmf-dist/tex/generic/epsf/epsf.sty
This is `epsf.tex' v2.7.4 <14 February 2011>
\epsffilein=\read4
\epsfframemargin=\dimen174
\epsfframethickness=\dimen175
\epsfrsize=\dimen176
\epsftmp=\dimen177
\epsftsize=\dimen178
\epsfxsize=\dimen179
\epsfysize=\dimen180
\pspoints=\dimen181
) (/usr/local/texlive/2024/texmf-dist/tex/latex/graphics/rotating.sty
Package: rotating 2016/08/11 v2.16d rotated objects in LaTeX
\c@r@tfl@t=\count307
\rotFPtop=\skip65
\rotFPbot=\skip66
\rot@float@box=\box65
\rot@mess@toks=\toks36
)
(/usr/local/texlive/2024/texmf-dist/tex/latex/subfig/subfig.sty
Package: subfig 2005/06/28 ver: 1.3 subfig package

(/usr/local/texlive/2024/texmf-dist/tex/latex/caption/caption.sty
Package: caption 2023/08/05 v3.6o Customizing captions (AR)

(/usr/local/texlive/2024/texmf-dist/tex/latex/caption/caption3.sty
Package: caption3 2023/07/31 v2.4d caption3 kernel (AR)
\caption@tempdima=\dimen182
\captionmargin=\dimen183
\caption@leftmargin=\dimen184
\caption@rightmargin=\dimen185
\caption@width=\dimen186
\caption@indent=\dimen187
\caption@parindent=\dimen188
\caption@hangindent=\dimen189
Package caption Info: elsarticle document class detected.

(/usr/local/texlive/2024/texmf-dist/tex/latex/caption/caption-elsarticle.sto
File: caption-elsarticle.sto 2020/08/22 v2.0 Adaption of the caption package to
 the elsarticle document class (AR)
))
\c@caption@flags=\count308
\c@continuedfloat=\count309
Package caption Info: float package is loaded.
Package caption Info: rotating package is loaded.
)
\c@KVtest=\count310
\sf@farskip=\skip67
\sf@captopadj=\dimen190
\sf@capskip=\skip68
\sf@nearskip=\skip69
\c@subfigure=\count311
\c@subfigure@save=\count312
\c@lofdepth=\count313
\c@subtable=\count314
\c@subtable@save=\count315
\c@lotdepth=\count316
\sf@top=\skip70
\sf@bottom=\skip71
) (/usr/local/texlive/2024/texmf-dist/tex/latex/epstopdf-pkg/epstopdf.sty
Package: epstopdf 2020-01-24 v2.11 Conversion with epstopdf on the fly (HO)

(/usr/local/texlive/2024/texmf-dist/tex/generic/infwarerr/infwarerr.sty
Package: infwarerr 2019/12/03 v1.5 Providing info/warning/error messages (HO)
)
(/usr/local/texlive/2024/texmf-dist/tex/latex/grfext/grfext.sty
Package: grfext 2019/12/03 v1.3 Manage graphics extensions (HO)

(/usr/local/texlive/2024/texmf-dist/tex/generic/kvdefinekeys/kvdefinekeys.sty
Package: kvdefinekeys 2019-12-19 v1.6 Define keys (HO)
)) (/usr/local/texlive/2024/texmf-dist/tex/latex/kvoptions/kvoptions.sty
Package: kvoptions 2022-06-15 v3.15 Key value format for package options (HO)

(/usr/local/texlive/2024/texmf-dist/tex/generic/ltxcmds/ltxcmds.sty
Package: ltxcmds 2023-12-04 v1.26 LaTeX kernel commands for general use (HO)
)
(/usr/local/texlive/2024/texmf-dist/tex/latex/kvsetkeys/kvsetkeys.sty
Package: kvsetkeys 2022-10-05 v1.19 Key value parser (HO)
))
(/usr/local/texlive/2024/texmf-dist/tex/generic/pdftexcmds/pdftexcmds.sty
Package: pdftexcmds 2020-06-27 v0.33 Utility functions of pdfTeX for LuaTeX (HO
)
Package pdftexcmds Info: \pdf@primitive is available.
Package pdftexcmds Info: \pdf@ifprimitive is available.
Package pdftexcmds Info: \pdfdraftmode found.
)
(/usr/local/texlive/2024/texmf-dist/tex/latex/epstopdf-pkg/epstopdf-base.sty
Package: epstopdf-base 2020-01-24 v2.11 Base part for package epstopdf
Package epstopdf-base Info: Redefining graphics rule for `.eps' on input line 4
85.
Package grfext Info: Graphics extension search list:
(grfext)             [.pdf,.png,.jpg,.mps,.jpeg,.jbig2,.jb2,.PDF,.PNG,.JPG,.JPE
G,.JBIG2,.JB2,.eps]
(grfext)             \AppendGraphicsExtensions on input line 504.

(/usr/local/texlive/2024/texmf-dist/tex/latex/latexconfig/epstopdf-sys.cfg
File: epstopdf-sys.cfg 2010/07/13 v1.3 Configuration of (r)epstopdf for TeX Liv
e
)))
(/usr/local/texlive/2024/texmf-dist/tex/latex/bbm-macros/bbm.sty
Package: bbm 1999/03/15 V 1.2 provides fonts for set symbols - TH
LaTeX Font Info:    Overwriting math alphabet `\mathbbm' in version `bold'
(Font)                  U/bbm/m/n --> U/bbm/bx/n on input line 33.
LaTeX Font Info:    Overwriting math alphabet `\mathbbmss' in version `bold'
(Font)                  U/bbmss/m/n --> U/bbmss/bx/n on input line 35.
)
(/usr/local/texlive/2024/texmf-dist/tex/latex/booktabs/booktabs.sty
Package: booktabs 2020/01/12 v1.61803398 Publication quality tables
\heavyrulewidth=\dimen191
\lightrulewidth=\dimen192
\cmidrulewidth=\dimen193
\belowrulesep=\dimen194
\belowbottomsep=\dimen195
\aboverulesep=\dimen196
\abovetopsep=\dimen197
\cmidrulesep=\dimen198
\cmidrulekern=\dimen199
\defaultaddspace=\dimen256
\@cmidla=\count317
\@cmidlb=\count318
\@aboverulesep=\dimen257
\@belowrulesep=\dimen258
\@thisruleclass=\count319
\@lastruleclass=\count320
\@thisrulewidth=\dimen259
)
(/usr/local/texlive/2024/texmf-dist/tex/latex/pgf/frontendlayer/tikz.sty
(/usr/local/texlive/2024/texmf-dist/tex/latex/pgf/basiclayer/pgf.sty
(/usr/local/texlive/2024/texmf-dist/tex/latex/pgf/utilities/pgfrcs.sty
(/usr/local/texlive/2024/texmf-dist/tex/generic/pgf/utilities/pgfutil-common.te
x
\pgfutil@everybye=\toks37
\pgfutil@tempdima=\dimen260
\pgfutil@tempdimb=\dimen261
)
(/usr/local/texlive/2024/texmf-dist/tex/generic/pgf/utilities/pgfutil-latex.def
\pgfutil@abb=\box66
) (/usr/local/texlive/2024/texmf-dist/tex/generic/pgf/utilities/pgfrcs.code.tex
(/usr/local/texlive/2024/texmf-dist/tex/generic/pgf/pgf.revision.tex)
Package: pgfrcs 2023-01-15 v3.1.10 (3.1.10)
))
Package: pgf 2023-01-15 v3.1.10 (3.1.10)

(/usr/local/texlive/2024/texmf-dist/tex/latex/pgf/basiclayer/pgfcore.sty
(/usr/local/texlive/2024/texmf-dist/tex/latex/pgf/systemlayer/pgfsys.sty
(/usr/local/texlive/2024/texmf-dist/tex/generic/pgf/systemlayer/pgfsys.code.tex
Package: pgfsys 2023-01-15 v3.1.10 (3.1.10)
(/usr/local/texlive/2024/texmf-dist/tex/generic/pgf/utilities/pgfkeys.code.tex
\pgfkeys@pathtoks=\toks38
\pgfkeys@temptoks=\toks39

(/usr/local/texlive/2024/texmf-dist/tex/generic/pgf/utilities/pgfkeyslibraryfil
tered.code.tex
\pgfkeys@tmptoks=\toks40
))
\pgf@x=\dimen262
\pgf@y=\dimen263
\pgf@xa=\dimen264
\pgf@ya=\dimen265
\pgf@xb=\dimen266
\pgf@yb=\dimen267
\pgf@xc=\dimen268
\pgf@yc=\dimen269
\pgf@xd=\dimen270
\pgf@yd=\dimen271
\w@pgf@writea=\write5
\r@pgf@reada=\read5
\c@pgf@counta=\count321
\c@pgf@countb=\count322
\c@pgf@countc=\count323
\c@pgf@countd=\count324
\t@pgf@toka=\toks41
\t@pgf@tokb=\toks42
\t@pgf@tokc=\toks43
\pgf@sys@id@count=\count325

(/usr/local/texlive/2024/texmf-dist/tex/generic/pgf/systemlayer/pgf.cfg
File: pgf.cfg 2023-01-15 v3.1.10 (3.1.10)
)
Driver file for pgf: pgfsys-pdftex.def

(/usr/local/texlive/2024/texmf-dist/tex/generic/pgf/systemlayer/pgfsys-pdftex.d
ef
File: pgfsys-pdftex.def 2023-01-15 v3.1.10 (3.1.10)

(/usr/local/texlive/2024/texmf-dist/tex/generic/pgf/systemlayer/pgfsys-common-p
df.def
File: pgfsys-common-pdf.def 2023-01-15 v3.1.10 (3.1.10)
)))
(/usr/local/texlive/2024/texmf-dist/tex/generic/pgf/systemlayer/pgfsyssoftpath.
code.tex
File: pgfsyssoftpath.code.tex 2023-01-15 v3.1.10 (3.1.10)
\pgfsyssoftpath@smallbuffer@items=\count326
\pgfsyssoftpath@bigbuffer@items=\count327
)
(/usr/local/texlive/2024/texmf-dist/tex/generic/pgf/systemlayer/pgfsysprotocol.
code.tex
File: pgfsysprotocol.code.tex 2023-01-15 v3.1.10 (3.1.10)
)) (/usr/local/texlive/2024/texmf-dist/tex/latex/xcolor/xcolor.sty
Package: xcolor 2023/11/15 v3.01 LaTeX color extensions (UK)

(/usr/local/texlive/2024/texmf-dist/tex/latex/graphics-cfg/color.cfg
File: color.cfg 2016/01/02 v1.6 sample color configuration
)
Package xcolor Info: Driver file: pdftex.def on input line 274.
LaTeX Info: Redefining \color on input line 758.

(/usr/local/texlive/2024/texmf-dist/tex/latex/graphics/mathcolor.ltx)
Package xcolor Info: Model `cmy' substituted by `cmy0' on input line 1350.
Package xcolor Info: Model `hsb' substituted by `rgb' on input line 1354.
Package xcolor Info: Model `RGB' extended on input line 1366.
Package xcolor Info: Model `HTML' substituted by `rgb' on input line 1368.
Package xcolor Info: Model `Hsb' substituted by `hsb' on input line 1369.
Package xcolor Info: Model `tHsb' substituted by `hsb' on input line 1370.
Package xcolor Info: Model `HSB' substituted by `hsb' on input line 1371.
Package xcolor Info: Model `Gray' substituted by `gray' on input line 1372.
Package xcolor Info: Model `wave' substituted by `hsb' on input line 1373.
)
(/usr/local/texlive/2024/texmf-dist/tex/generic/pgf/basiclayer/pgfcore.code.tex
Package: pgfcore 2023-01-15 v3.1.10 (3.1.10)
(/usr/local/texlive/2024/texmf-dist/tex/generic/pgf/math/pgfmath.code.tex
(/usr/local/texlive/2024/texmf-dist/tex/generic/pgf/math/pgfmathutil.code.tex)
(/usr/local/texlive/2024/texmf-dist/tex/generic/pgf/math/pgfmathparser.code.tex
\pgfmath@dimen=\dimen272
\pgfmath@count=\count328
\pgfmath@box=\box67
\pgfmath@toks=\toks44
\pgfmath@stack@operand=\toks45
\pgfmath@stack@operation=\toks46
)
(/usr/local/texlive/2024/texmf-dist/tex/generic/pgf/math/pgfmathfunctions.code.
tex)
(/usr/local/texlive/2024/texmf-dist/tex/generic/pgf/math/pgfmathfunctions.basic
.code.tex)
(/usr/local/texlive/2024/texmf-dist/tex/generic/pgf/math/pgfmathfunctions.trigo
nometric.code.tex)
(/usr/local/texlive/2024/texmf-dist/tex/generic/pgf/math/pgfmathfunctions.rando
m.code.tex)
(/usr/local/texlive/2024/texmf-dist/tex/generic/pgf/math/pgfmathfunctions.compa
rison.code.tex)
(/usr/local/texlive/2024/texmf-dist/tex/generic/pgf/math/pgfmathfunctions.base.
code.tex)
(/usr/local/texlive/2024/texmf-dist/tex/generic/pgf/math/pgfmathfunctions.round
.code.tex)
(/usr/local/texlive/2024/texmf-dist/tex/generic/pgf/math/pgfmathfunctions.misc.
code.tex)
(/usr/local/texlive/2024/texmf-dist/tex/generic/pgf/math/pgfmathfunctions.integ
erarithmetics.code.tex)
(/usr/local/texlive/2024/texmf-dist/tex/generic/pgf/math/pgfmathcalc.code.tex)
(/usr/local/texlive/2024/texmf-dist/tex/generic/pgf/math/pgfmathfloat.code.tex
\c@pgfmathroundto@lastzeros=\count329
)) (/usr/local/texlive/2024/texmf-dist/tex/generic/pgf/math/pgfint.code.tex)
(/usr/local/texlive/2024/texmf-dist/tex/generic/pgf/basiclayer/pgfcorepoints.co
de.tex
File: pgfcorepoints.code.tex 2023-01-15 v3.1.10 (3.1.10)
\pgf@picminx=\dimen273
\pgf@picmaxx=\dimen274
\pgf@picminy=\dimen275
\pgf@picmaxy=\dimen276
\pgf@pathminx=\dimen277
\pgf@pathmaxx=\dimen278
\pgf@pathminy=\dimen279
\pgf@pathmaxy=\dimen280
\pgf@xx=\dimen281
\pgf@xy=\dimen282
\pgf@yx=\dimen283
\pgf@yy=\dimen284
\pgf@zx=\dimen285
\pgf@zy=\dimen286
)
(/usr/local/texlive/2024/texmf-dist/tex/generic/pgf/basiclayer/pgfcorepathconst
ruct.code.tex
File: pgfcorepathconstruct.code.tex 2023-01-15 v3.1.10 (3.1.10)
\pgf@path@lastx=\dimen287
\pgf@path@lasty=\dimen288
)
(/usr/local/texlive/2024/texmf-dist/tex/generic/pgf/basiclayer/pgfcorepathusage
.code.tex
File: pgfcorepathusage.code.tex 2023-01-15 v3.1.10 (3.1.10)
\pgf@shorten@end@additional=\dimen289
\pgf@shorten@start@additional=\dimen290
)
(/usr/local/texlive/2024/texmf-dist/tex/generic/pgf/basiclayer/pgfcorescopes.co
de.tex
File: pgfcorescopes.code.tex 2023-01-15 v3.1.10 (3.1.10)
\pgfpic=\box68
\pgf@hbox=\box69
\pgf@layerbox@main=\box70
\pgf@picture@serial@count=\count330
)
(/usr/local/texlive/2024/texmf-dist/tex/generic/pgf/basiclayer/pgfcoregraphicst
ate.code.tex
File: pgfcoregraphicstate.code.tex 2023-01-15 v3.1.10 (3.1.10)
\pgflinewidth=\dimen291
)
(/usr/local/texlive/2024/texmf-dist/tex/generic/pgf/basiclayer/pgfcoretransform
ations.code.tex
File: pgfcoretransformations.code.tex 2023-01-15 v3.1.10 (3.1.10)
\pgf@pt@x=\dimen292
\pgf@pt@y=\dimen293
\pgf@pt@temp=\dimen294
)
(/usr/local/texlive/2024/texmf-dist/tex/generic/pgf/basiclayer/pgfcorequick.cod
e.tex
File: pgfcorequick.code.tex 2023-01-15 v3.1.10 (3.1.10)
)
(/usr/local/texlive/2024/texmf-dist/tex/generic/pgf/basiclayer/pgfcoreobjects.c
ode.tex
File: pgfcoreobjects.code.tex 2023-01-15 v3.1.10 (3.1.10)
)
(/usr/local/texlive/2024/texmf-dist/tex/generic/pgf/basiclayer/pgfcorepathproce
ssing.code.tex
File: pgfcorepathprocessing.code.tex 2023-01-15 v3.1.10 (3.1.10)
)
(/usr/local/texlive/2024/texmf-dist/tex/generic/pgf/basiclayer/pgfcorearrows.co
de.tex
File: pgfcorearrows.code.tex 2023-01-15 v3.1.10 (3.1.10)
\pgfarrowsep=\dimen295
)
(/usr/local/texlive/2024/texmf-dist/tex/generic/pgf/basiclayer/pgfcoreshade.cod
e.tex
File: pgfcoreshade.code.tex 2023-01-15 v3.1.10 (3.1.10)
\pgf@max=\dimen296
\pgf@sys@shading@range@num=\count331
\pgf@shadingcount=\count332
)
(/usr/local/texlive/2024/texmf-dist/tex/generic/pgf/basiclayer/pgfcoreimage.cod
e.tex
File: pgfcoreimage.code.tex 2023-01-15 v3.1.10 (3.1.10)
)
(/usr/local/texlive/2024/texmf-dist/tex/generic/pgf/basiclayer/pgfcoreexternal.
code.tex
File: pgfcoreexternal.code.tex 2023-01-15 v3.1.10 (3.1.10)
\pgfexternal@startupbox=\box71
)
(/usr/local/texlive/2024/texmf-dist/tex/generic/pgf/basiclayer/pgfcorelayers.co
de.tex
File: pgfcorelayers.code.tex 2023-01-15 v3.1.10 (3.1.10)
)
(/usr/local/texlive/2024/texmf-dist/tex/generic/pgf/basiclayer/pgfcoretranspare
ncy.code.tex
File: pgfcoretransparency.code.tex 2023-01-15 v3.1.10 (3.1.10)
)
(/usr/local/texlive/2024/texmf-dist/tex/generic/pgf/basiclayer/pgfcorepatterns.
code.tex
File: pgfcorepatterns.code.tex 2023-01-15 v3.1.10 (3.1.10)
)
(/usr/local/texlive/2024/texmf-dist/tex/generic/pgf/basiclayer/pgfcorerdf.code.
tex
File: pgfcorerdf.code.tex 2023-01-15 v3.1.10 (3.1.10)
)))
(/usr/local/texlive/2024/texmf-dist/tex/generic/pgf/modules/pgfmoduleshapes.cod
e.tex
File: pgfmoduleshapes.code.tex 2023-01-15 v3.1.10 (3.1.10)
\pgfnodeparttextbox=\box72
)
(/usr/local/texlive/2024/texmf-dist/tex/generic/pgf/modules/pgfmoduleplot.code.
tex
File: pgfmoduleplot.code.tex 2023-01-15 v3.1.10 (3.1.10)
)
(/usr/local/texlive/2024/texmf-dist/tex/latex/pgf/compatibility/pgfcomp-version
-0-65.sty
Package: pgfcomp-version-0-65 2023-01-15 v3.1.10 (3.1.10)
\pgf@nodesepstart=\dimen297
\pgf@nodesepend=\dimen298
)
(/usr/local/texlive/2024/texmf-dist/tex/latex/pgf/compatibility/pgfcomp-version
-1-18.sty
Package: pgfcomp-version-1-18 2023-01-15 v3.1.10 (3.1.10)
))
(/usr/local/texlive/2024/texmf-dist/tex/latex/pgf/utilities/pgffor.sty
(/usr/local/texlive/2024/texmf-dist/tex/latex/pgf/utilities/pgfkeys.sty
(/usr/local/texlive/2024/texmf-dist/tex/generic/pgf/utilities/pgfkeys.code.tex)
) (/usr/local/texlive/2024/texmf-dist/tex/latex/pgf/math/pgfmath.sty
(/usr/local/texlive/2024/texmf-dist/tex/generic/pgf/math/pgfmath.code.tex))
(/usr/local/texlive/2024/texmf-dist/tex/generic/pgf/utilities/pgffor.code.tex
Package: pgffor 2023-01-15 v3.1.10 (3.1.10)
\pgffor@iter=\dimen299
\pgffor@skip=\dimen300
\pgffor@stack=\toks47
\pgffor@toks=\toks48
))
(/usr/local/texlive/2024/texmf-dist/tex/generic/pgf/frontendlayer/tikz/tikz.cod
e.tex
Package: tikz 2023-01-15 v3.1.10 (3.1.10)

(/usr/local/texlive/2024/texmf-dist/tex/generic/pgf/libraries/pgflibraryplothan
dlers.code.tex
File: pgflibraryplothandlers.code.tex 2023-01-15 v3.1.10 (3.1.10)
\pgf@plot@mark@count=\count333
\pgfplotmarksize=\dimen301
)
\tikz@lastx=\dimen302
\tikz@lasty=\dimen303
\tikz@lastxsaved=\dimen304
\tikz@lastysaved=\dimen305
\tikz@lastmovetox=\dimen306
\tikz@lastmovetoy=\dimen307
\tikzleveldistance=\dimen308
\tikzsiblingdistance=\dimen309
\tikz@figbox=\box73
\tikz@figbox@bg=\box74
\tikz@tempbox=\box75
\tikz@tempbox@bg=\box76
\tikztreelevel=\count334
\tikznumberofchildren=\count335
\tikznumberofcurrentchild=\count336
\tikz@fig@count=\count337

(/usr/local/texlive/2024/texmf-dist/tex/generic/pgf/modules/pgfmodulematrix.cod
e.tex
File: pgfmodulematrix.code.tex 2023-01-15 v3.1.10 (3.1.10)
\pgfmatrixcurrentrow=\count338
\pgfmatrixcurrentcolumn=\count339
\pgf@matrix@numberofcolumns=\count340
)
\tikz@expandcount=\count341

(/usr/local/texlive/2024/texmf-dist/tex/generic/pgf/frontendlayer/tikz/librarie
s/tikzlibrarytopaths.code.tex
File: tikzlibrarytopaths.code.tex 2023-01-15 v3.1.10 (3.1.10)
)))
(/usr/local/texlive/2024/texmf-dist/tex/latex/blindtext/blindtext.sty
Package: blindtext 2012/01/06 V2.0 blindtext-Package

(/usr/local/texlive/2024/texmf-dist/tex/latex/tools/xspace.sty
Package: xspace 2014/10/28 v1.13 Space after command names (DPC,MH)
)
\c@blindtext=\count342
\c@Blindtext=\count343
\c@blind@countparstart=\count344
\blind@countxx=\count345
\blindtext@numBlindtext=\count346
\blind@countyy=\count347
\c@blindlist=\count348
\c@blindlistlevel=\count349
\c@blindlist@level=\count350
\blind@listitem=\count351
\c@blind@listcount=\count352
\c@blind@levelcount=\count353
\blind@mathformula=\count354
\blind@Mathformula=\count355
\c@blind@randomcount=\count356
\c@blind@randommax=\count357
\c@blind@pangramcount=\count358
\c@blind@pangrammax=\count359
)
(/usr/local/texlive/2024/texmf-dist/tex/latex/tcolorbox/tcolorbox.sty
Package: tcolorbox 2024/07/10 version 6.3.0 text color boxes

(/usr/local/texlive/2024/texmf-dist/tex/latex/environ/environ.sty
Package: environ 2014/05/04 v0.3 A new way to define environments

(/usr/local/texlive/2024/texmf-dist/tex/latex/trimspaces/trimspaces.sty
Package: trimspaces 2009/09/17 v1.1 Trim spaces around a token list
))
\tcb@titlebox=\box77
\tcb@upperbox=\box78
\tcb@lowerbox=\box79
\tcb@phantombox=\box80
\c@tcbbreakpart=\count360
\c@tcblayer=\count361
\c@tcolorbox@number=\count362
\l__tcobox_tmpa_box=\box81
\l__tcobox_tmpa_dim=\dimen310
\tcb@temp=\box82
\tcb@temp=\box83
\tcb@temp=\box84
\tcb@temp=\box85
)
(/usr/local/texlive/2024/texmf-dist/tex/latex/arydshln/arydshln.sty
Package: arydshln 2019/02/21 v1.76 
\dashlinedash=\dimen311
\dashlinegap=\dimen312
\adl@box=\box86
\adl@height=\dimen313
\adl@heightsave=\dimen314
\adl@depth=\dimen315
\adl@depthsave=\dimen316
\adl@finaldepth=\dimen317
\adl@columns=\count363
\adl@ncol=\count364
\adl@currentcolumn=\count365
\adl@currentcolumnsave=\count366
\adl@totalheight=\count367
\adl@totalheightsave=\count368
\adl@dash=\count369
\adl@gap=\count370
\adl@cla=\count371
\adl@clb=\count372
\adl@everyvbox=\toks49
\adl@LTpagetotal=\dimen318
)
(/usr/local/texlive/2024/texmf-dist/tex/latex/tools/tabularx.sty
Package: tabularx 2023/12/11 v2.12a `tabularx' package (DPC)

(/usr/local/texlive/2024/texmf-dist/tex/latex/tools/array.sty
Package: array 2024/06/14 v2.6d Tabular extension package (FMi)
\col@sep=\dimen319
\ar@mcellbox=\box87
\extrarowheight=\dimen320
\NC@list=\toks50
\extratabsurround=\skip72
\backup@length=\skip73
\ar@cellbox=\box88
)
\TX@col@width=\dimen321
\TX@old@table=\dimen322
\TX@old@col=\dimen323
\TX@target=\dimen324
\TX@delta=\dimen325
\TX@cols=\count373
\TX@ftn=\toks51
)
(/usr/local/texlive/2024/texmf-dist/tex/latex/colortbl/colortbl.sty
Package: colortbl 2024/07/06 v1.0i Color table columns (DPC)
\everycr=\toks52
\minrowclearance=\skip74
\rownum=\count374
)
(/usr/local/texlive/2024/texmf-dist/tex/latex/tcolorbox/tcbskins.code.tex
Library (tcolorbox): 'tcbskins.code.tex' version '6.3.0'
(/usr/local/texlive/2024/texmf-dist/tex/latex/tikzfill/tikzfill.image.sty
Package: tikzfill.image 2023/08/08 v1.0.1 Image filling library for TikZ

(/usr/local/texlive/2024/texmf-dist/tex/latex/tikzfill/tikzfill-common.sty
Package: tikzfill-common 2023/08/08 v1.0.1 Auxiliary code for tikzfill
)
(/usr/local/texlive/2024/texmf-dist/tex/latex/tikzfill/tikzlibraryfill.image.co
de.tex
File: tikzlibraryfill.image.code.tex 2023/08/08 v1.0.1 Image filling library
\l__tikzfill_img_box=\box89
))
(/usr/local/texlive/2024/texmf-dist/tex/latex/tcolorbox/tcbskinsjigsaw.code.tex
Library (tcolorbox): 'tcbskinsjigsaw.code.tex' version '6.3.0'
))
(/usr/local/texlive/2024/texmf-dist/tex/generic/pgf/frontendlayer/tikz/librarie
s/tikzlibraryshapes.code.tex
File: tikzlibraryshapes.code.tex 2023-01-15 v3.1.10 (3.1.10)

(/usr/local/texlive/2024/texmf-dist/tex/generic/pgf/frontendlayer/tikz/librarie
s/tikzlibraryshapes.geometric.code.tex
File: tikzlibraryshapes.geometric.code.tex 2023-01-15 v3.1.10 (3.1.10)

(/usr/local/texlive/2024/texmf-dist/tex/generic/pgf/libraries/shapes/pgflibrary
shapes.geometric.code.tex
File: pgflibraryshapes.geometric.code.tex 2023-01-15 v3.1.10 (3.1.10)
))
(/usr/local/texlive/2024/texmf-dist/tex/generic/pgf/frontendlayer/tikz/librarie
s/tikzlibraryshapes.misc.code.tex
File: tikzlibraryshapes.misc.code.tex 2023-01-15 v3.1.10 (3.1.10)

(/usr/local/texlive/2024/texmf-dist/tex/generic/pgf/libraries/shapes/pgflibrary
shapes.misc.code.tex
File: pgflibraryshapes.misc.code.tex 2023-01-15 v3.1.10 (3.1.10)
))
(/usr/local/texlive/2024/texmf-dist/tex/generic/pgf/frontendlayer/tikz/librarie
s/tikzlibraryshapes.symbols.code.tex
File: tikzlibraryshapes.symbols.code.tex 2023-01-15 v3.1.10 (3.1.10)

(/usr/local/texlive/2024/texmf-dist/tex/generic/pgf/libraries/shapes/pgflibrary
shapes.symbols.code.tex
File: pgflibraryshapes.symbols.code.tex 2023-01-15 v3.1.10 (3.1.10)
))
(/usr/local/texlive/2024/texmf-dist/tex/generic/pgf/frontendlayer/tikz/librarie
s/tikzlibraryshapes.arrows.code.tex
File: tikzlibraryshapes.arrows.code.tex 2023-01-15 v3.1.10 (3.1.10)

(/usr/local/texlive/2024/texmf-dist/tex/generic/pgf/libraries/shapes/pgflibrary
shapes.arrows.code.tex
File: pgflibraryshapes.arrows.code.tex 2023-01-15 v3.1.10 (3.1.10)
))
(/usr/local/texlive/2024/texmf-dist/tex/generic/pgf/frontendlayer/tikz/librarie
s/tikzlibraryshapes.callouts.code.tex
(/usr/local/texlive/2024/texmf-dist/tex/generic/pgf/libraries/shapes/pgflibrary
shapes.callouts.code.tex))
(/usr/local/texlive/2024/texmf-dist/tex/generic/pgf/frontendlayer/tikz/librarie
s/tikzlibraryshapes.multipart.code.tex
File: tikzlibraryshapes.multipart.code.tex 2023-01-15 v3.1.10 (3.1.10)

(/usr/local/texlive/2024/texmf-dist/tex/generic/pgf/libraries/shapes/pgflibrary
shapes.multipart.code.tex
File: pgflibraryshapes.multipart.code.tex 2023-01-15 v3.1.10 (3.1.10)
\pgfnodepartlowerbox=\box90
\pgfnodeparttwobox=\box91
\pgfnodepartthreebox=\box92
\pgfnodepartfourbox=\box93
\pgfnodeparttwentybox=\box94
\pgfnodepartnineteenbox=\box95
\pgfnodeparteighteenbox=\box96
\pgfnodepartseventeenbox=\box97
\pgfnodepartsixteenbox=\box98
\pgfnodepartfifteenbox=\box99
\pgfnodepartfourteenbox=\box100
\pgfnodepartthirteenbox=\box101
\pgfnodeparttwelvebox=\box102
\pgfnodepartelevenbox=\box103
\pgfnodeparttenbox=\box104
\pgfnodepartninebox=\box105
\pgfnodeparteightbox=\box106
\pgfnodepartsevenbox=\box107
\pgfnodepartsixbox=\box108
\pgfnodepartfivebox=\box109
)))
(/usr/local/texlive/2024/texmf-dist/tex/generic/pgf/frontendlayer/tikz/librarie
s/tikzlibraryarrows.code.tex
File: tikzlibraryarrows.code.tex 2023-01-15 v3.1.10 (3.1.10)

(/usr/local/texlive/2024/texmf-dist/tex/generic/pgf/libraries/pgflibraryarrows.
code.tex
File: pgflibraryarrows.code.tex 2023-01-15 v3.1.10 (3.1.10)
\arrowsize=\dimen326
))
(/usr/local/texlive/2024/texmf-dist/tex/generic/pgf/frontendlayer/tikz/librarie
s/tikzlibrarymatrix.code.tex
File: tikzlibrarymatrix.code.tex 2023-01-15 v3.1.10 (3.1.10)
)
(/usr/local/texlive/2024/texmf-dist/tex/generic/pgf/frontendlayer/tikz/librarie
s/tikzlibrarypositioning.code.tex
File: tikzlibrarypositioning.code.tex 2023-01-15 v3.1.10 (3.1.10)
)
(/usr/local/texlive/2024/texmf-dist/tex/latex/makecell/makecell.sty
Package: makecell 2009/08/03 V0.1e Managing of Tab Column Heads and Cells
\rotheadsize=\dimen327
\c@nlinenum=\count375
\TeXr@lab=\toks53
))
(./ThermoMechanicsPaper.aux

LaTeX Warning: Label `table: results calibration strategy 1' multiply defined.


LaTeX Warning: Label `fig:example 1 energy balance' multiply defined.


LaTeX Warning: Label `fig:example 1 energy balance' multiply defined.


LaTeX Warning: Label `table: results calibration strategy 1' multiply defined.


LaTeX Warning: Label `fig:example 1 energy balance' multiply defined.


LaTeX Warning: Label `fig:example 1 energy balance' multiply defined.


LaTeX Warning: Label `table: results calibration strategy 1' multiply defined.


LaTeX Warning: Label `eqn:heat capacity' multiply defined.

)
\openout1 = `ThermoMechanicsPaper.aux'.

LaTeX Font Info:    Checking defaults for OML/cmm/m/it on input line 5.
LaTeX Font Info:    ... okay on input line 5.
LaTeX Font Info:    Checking defaults for OMS/cmsy/m/n on input line 5.
LaTeX Font Info:    ... okay on input line 5.
LaTeX Font Info:    Checking defaults for OT1/cmr/m/n on input line 5.
LaTeX Font Info:    ... okay on input line 5.
LaTeX Font Info:    Checking defaults for T1/cmr/m/n on input line 5.
LaTeX Font Info:    ... okay on input line 5.
LaTeX Font Info:    Checking defaults for TS1/cmr/m/n on input line 5.
LaTeX Font Info:    ... okay on input line 5.
LaTeX Font Info:    Checking defaults for OMX/cmex/m/n on input line 5.
LaTeX Font Info:    ... okay on input line 5.
LaTeX Font Info:    Checking defaults for U/cmr/m/n on input line 5.
LaTeX Font Info:    ... okay on input line 5.
 (/usr/local/texlive/2024/texmf-dist/tex/context/base/mkii/supp-pdf.mkii
[Loading MPS to PDF converter (version 2006.09.02).]
\scratchcounter=\count376
\scratchdimen=\dimen328
\scratchbox=\box110
\nofMPsegments=\count377
\nofMParguments=\count378
\everyMPshowfont=\toks54
\MPscratchCnt=\count379
\MPscratchDim=\dimen329
\MPnumerator=\count380
\makeMPintoPDFobject=\count381
\everyMPtoPDFconversion=\toks55
)
*geometry* driver: auto-detecting
*geometry* detected driver: pdftex
*geometry* verbose mode - [ preamble ] result:
* driver: pdftex
* paper: a4paper
* layout: <same size as paper>
* layoutoffset:(h,v)=(0.0pt,0.0pt)
* modes: 
* h-part:(L,W,R)=(51.21495pt, 495.07797pt, 51.21495pt)
* v-part:(T,H,B)=(56.9055pt, 731.23582pt, 56.90552pt)
* \paperwidth=597.50787pt
* \paperheight=845.04684pt
* \textwidth=495.07797pt
* \textheight=731.23582pt
* \oddsidemargin=-21.05504pt
* \evensidemargin=-21.05504pt
* \topmargin=-52.36449pt
* \headheight=12.0pt
* \headsep=25.0pt
* \topskip=12.0pt
* \footskip=30.0pt
* \marginparwidth=44.0pt
* \marginparsep=10.0pt
* \columnsep=10.0pt
* \skip\footins=24.0pt
* \hoffset=0.0pt
* \voffset=0.0pt
* \mag=1000
* \@twocolumnfalse
* \@twosidefalse
* \@mparswitchfalse
* \@reversemarginfalse
* (1in=72.27pt=25.4mm, 1cm=28.453pt)

Package caption Info: Begin \AtBeginDocument code.
Package caption Info: subfig package v1.3 is loaded.
Package caption Info: End \AtBeginDocument code.
LaTeX Font Info:    Trying to load font information for U+msa on input line 47.

(/usr/local/texlive/2024/texmf-dist/tex/latex/amsfonts/umsa.fd
File: umsa.fd 2013/01/14 v3.01 AMS symbols A
)
LaTeX Font Info:    Trying to load font information for U+msb on input line 47.


(/usr/local/texlive/2024/texmf-dist/tex/latex/amsfonts/umsb.fd
File: umsb.fd 2013/01/14 v3.01 AMS symbols B
)
LaTeX Font Info:    Trying to load font information for U+rsfs on input line 47
.

(/usr/local/texlive/2024/texmf-dist/tex/latex/jknapltx/ursfs.fd
File: ursfs.fd 1998/03/24 rsfs font definition file (jk)
)
LaTeX Font Info:    Trying to load font information for U+lasy on input line 47
.

(/usr/local/texlive/2024/texmf-dist/tex/latex/base/ulasy.fd
File: ulasy.fd 1998/08/17 v2.2e LaTeX symbol font definitions
)
(./section/00_intro.tex
LaTeX Font Info:    Font shape `U/lasy/b/n' in size <8> not available
(Font)              Font shape `U/lasy/m/n' tried instead on input line 1.
LaTeX Font Info:    Font shape `U/lasy/b/n' in size <6> not available
(Font)              Font shape `U/lasy/m/n' tried instead on input line 1.


[1


{/usr/local/texlive/2024/texmf-var/fonts/map/pdftex/updmap/pdftex.map}{/usr/loc
al/texlive/2024/texmf-dist/fonts/enc/dvips/cm-super/cm-super-t1.enc}]

LaTeX Warning: Reference `sec:dynamics' on page 2 undefined on input line 15.


LaTeX Warning: Reference `sec:time integrator' on page 2 undefined on input lin
e 15.


LaTeX Warning: Reference `sec:numerical examples' on page 2 undefined on input 
line 16.


LaTeX Warning: Reference `sec:time integrator' on page 2 undefined on input lin
e 18.


LaTeX Warning: Reference `sec:constitutive models' on page 2 undefined on input
 line 18.



[2]) (./section/01_kinematics.tex
<Figures/InkScape/TheMappingdeLaOstia.pdf, id=24, 1686.29988pt x 948.54375pt>
LaTeX Font Info:    Trying to load font information for T1+cmtt on input line 2
4.

(/usr/local/texlive/2024/texmf-dist/tex/latex/base/t1cmtt.fd
File: t1cmtt.fd 2023/04/13 v2.5m Standard LaTeX font definitions
)
LaTeX Font Info:    Font shape `U/lasy/b/n' in size <7> not available
(Font)              Font shape `U/lasy/m/n' tried instead on input line 26.
LaTeX Font Info:    Font shape `U/lasy/b/n' in size <5> not available
(Font)              Font shape `U/lasy/m/n' tried instead on input line 26.


[3]) (./section/02_constitutive_equations.tex

[4]

Package natbib Warning: Citation `XXX' on page 5 undefined on input line 35.


Package natbib Warning: Citation `XXX' on page 5 undefined on input line 50.


Package natbib Warning: Citation `Gurtin' on page 5 undefined on input line 57.



Overfull \hbox (23.4821pt too wide) detected at line 86
[][][]|
 []



[5]

Package natbib Warning: Citation `Vertechhy' on page 6 undefined on input line 
100.


Package natbib Warning: Citation `XX' on page 6 undefined on input line 127.



[6]
Overfull \hbox (36.861pt too wide) detected at line 187
[][][]|
 []

<Figures/InkScape/convexity_psi.pdf, id=50, 649.70734pt x 565.87411pt>
<Figures/InkScape/convexity_e.pdf, id=51, 674.27911pt x 565.87411pt>
<Figures/InkScape/convexity_upsilon.pdf, id=52, 637.42137pt x 565.87411pt>
<Figures/InkScape/convexity_gamma.pdf, id=53, 663.43863pt x 602.73178pt>

Package natbib Warning: Citation `XX' on page 7 undefined on input line 300.


Package natbib Warning: Citation `XX' on page 7 undefined on input line 300.



[7]

[8]

[9]

Package natbib Warning: Citation `HORAK_electro' on page 10 undefined on input 
line 467.



[10]

[11{/usr/local/texlive/2024/texmf-dist/fonts/enc/dvips/cm-super/cm-super-ts1.en
c}]
<Figures/NonlinearBehaviourTemperature.pdf, id=75, 602.25pt x 401.5pt>
<Figures/Cv_vs_Temperature.pdf, id=76, 602.25pt x 401.5pt>

Overfull \hbox (2.51936pt too wide) in paragraph at lines 623--735
 [][] |
 []



[12]

[13]
Overfull \hbox (1.49068pt too wide) in paragraph at lines 747--792
 [][] |
 []



[14]

[15]
Overfull \hbox (28.0847pt too wide) detected at line 922
[][]|
 []


Overfull \hbox (6.08772pt too wide) detected at line 933
[][]|
 []


Overfull \hbox (10.51443pt too wide) detected at line 944
[][]|
 []


Overfull \hbox (21.531pt too wide) detected at line 955
[][]|
 []


Overfull \hbox (57.70345pt too wide) in paragraph at lines 912--962
 [][] |
 []

<Figures/InkScape/NN_1.pdf, id=92, 281.53775pt x 170.57727pt>


[16]

[17]

Package natbib Warning: Citation `OKunc_19_01' on page 18 undefined on input li
ne 1005.


LaTeX Warning: Reference `sec:appendix_basis_symm_traceless_tensors' on page 18
 undefined on input line 1077.



[18]

[19]

[20]
Overfull \hbox (13.23297pt too wide) detected at line 1180
[][]|
 []


Overfull \hbox (48.98091pt too wide) in paragraph at lines 1170--1202
 [][] |
 []

<Figures/InkScape/NN_2.pdf, id=111, 283.91847pt x 170.57727pt>


[21]

[22]
Overfull \hbox (40.74681pt too wide) detected at line 1359
[][]|
 []


Overfull \hbox (44.29767pt too wide) detected at line 1370
[][]|
 []


Overfull \hbox (36.09889pt too wide) in paragraph at lines 1348--1377
 [][] |
 []

<Figures/InkScape/NN_3.pdf, id=119, 367.59575pt x 169.71841pt>


[23]

[24]
Overfull \hbox (12.49664pt too wide) in paragraph at lines 1404--1405
[]\T1/cmr/m/n/12 For $\OML/cmm/m/it/12 ^^Q$\T1/cmr/m/n/12 -based po-ten-tials, 
i.e. $\OML/cmm/m/it/12 e\OT1/cmr/m/n/12 ([]\OML/cmm/m/it/12 ; [][]; ^^Q\OT1/cmr
/m/n/12 )$ \T1/cmr/m/n/12 and $\OT1/cmr/m/n/12 ^^@([]\OML/cmm/m/it/12 ; [][]; ^
^Q\OT1/cmr/m/n/12 )$\T1/cmr/m/n/12 , the pro-cess is the op-po-site: $\OMS/cmsy
/m/n/12 f[]\OML/cmm/m/it/12 ; [][]; ^^Q\OMS/cmsy/m/n/12 g$|
 []

) (./section/05_FEM_implementation.tex

[25]

[26]

[27]
Overfull \hbox (39.37474pt too wide) detected at line 224
[][][]|
 []


Overfull \hbox (14.76968pt too wide) detected at line 285
[][][]|
 []



[28]
Overfull \hbox (22.22147pt too wide) detected at line 353
[][][]|
 []

) (./section/06_numericalexamples.tex
Overfull \vbox (4.96428pt too high) detected at line 24
 []


Overfull \vbox (15.10068pt too high) detected at line 28
 []


Overfull \vbox (5.95016pt too high) detected at line 45
 []



[29]

[30]
<Figures/ModelsStudy/_MooneyRivlin_ID_E0_P_CorrelationTest.pdf, id=150, 602.25p
t x 401.5pt>
<Figures/ModelsStudy/_MooneyRivlin_ID_E0_E0_CorrelationTest.pdf, id=151, 602.25
pt x 401.5pt>
<Figures/ModelsStudy/_MooneyRivlin_ID_E0_theta_CorrelationTest.pdf, id=152, 602
.25pt x 401.5pt>
<Figures/ModelsStudy/_QuadraticMooneyRivlin_ID_E0_P_CorrelationTest.pdf, id=153
, 602.25pt x 401.5pt>
<Figures/ModelsStudy/_QuadraticMooneyRivlin_ID_E0_E0_CorrelationTest.pdf, id=15
4, 602.25pt x 401.5pt>
<Figures/ModelsStudy/_QuadraticMooneyRivlin_ID_E0_theta_CorrelationTest.pdf, id
=155, 602.25pt x 401.5pt>
<Figures/ModelsStudy/_Yeoh_ID_E0_P_CorrelationTest.pdf, id=156, 602.25pt x 401.
5pt>
<Figures/ModelsStudy/_Yeoh_ID_E0_E0_CorrelationTest.pdf, id=157, 602.25pt x 401
.5pt>
<Figures/ModelsStudy/_Yeoh_ID_E0_theta_CorrelationTest.pdf, id=158, 602.25pt x 
401.5pt>
<Figures/ModelsStudy/_Gent_ID_E0_P_CorrelationTest.pdf, id=159, 602.25pt x 401.
5pt>
<Figures/ModelsStudy/_Gent_ID_E0_E0_CorrelationTest.pdf, id=160, 602.25pt x 401
.5pt>
<Figures/ModelsStudy/_Gent_ID_E0_theta_CorrelationTest.pdf, id=161, 602.25pt x 
401.5pt>
<Figures/ModelsStudy/_TI_ID_E0_P_CorrelationTest.pdf, id=162, 602.25pt x 401.5p
t>
<Figures/ModelsStudy/_TI_ID_E0_E0_CorrelationTest.pdf, id=163, 602.25pt x 401.5
pt>
<Figures/ModelsStudy/_TI_ID_E0_theta_CorrelationTest.pdf, id=164, 602.25pt x 40
1.5pt>
<Figures/ModelsStudy/_MooneyRivlin_ElectricSaturation_P_CorrelationTest.pdf, id
=165, 602.25pt x 401.5pt>
<Figures/ModelsStudy/_MooneyRivlin_ElectricSaturation_E0_CorrelationTest.pdf, i
d=166, 602.25pt x 401.5pt>
<Figures/ModelsStudy/_MooneyRivlin_ElectricSaturation_theta_CorrelationTest.pdf
, id=167, 602.25pt x 401.5pt>

Overfull \hbox (10.4938pt too wide) in paragraph at lines 60--93
 [][] |
 []


Package natbib Warning: Citation `OKunc_19_01' on page 31 undefined on input li
ne 113.

<Figures/PotentialStudy/_PhysicalExperiments_MooneyRivlin_ID_E0_D1.pdf, id=168,
 602.25pt x 401.5pt>
<Figures/PotentialStudy/_PhysicalExperiments_MooneyRivlin_ID_E0_F11.pdf, id=169
, 602.25pt x 401.5pt>
<Figures/PotentialStudy/_PhysicalExperiments_MooneyRivlin_ID_E0_F12.pdf, id=170
, 602.25pt x 401.5pt>
<Figures/PotentialStudy/_PhysicalExperiments_MooneyRivlin_ID_E0_F33.pdf, id=171
, 602.25pt x 401.5pt>
<Figures/PotentialStudy/Psi_P_CorrelationTest.pdf, id=172, 602.25pt x 401.5pt>
<Figures/PotentialStudy/Psi_E0_CorrelationTest.pdf, id=173, 602.25pt x 401.5pt>

<Figures/PotentialStudy/Psi_theta_CorrelationTest.pdf, id=174, 602.25pt x 401.5
pt>
<Figures/PotentialStudy/e_P_CorrelationTest.pdf, id=175, 602.25pt x 401.5pt>
<Figures/PotentialStudy/e_E0_CorrelationTest.pdf, id=176, 602.25pt x 401.5pt>
<Figures/PotentialStudy/e_theta_CorrelationTest.pdf, id=177, 602.25pt x 401.5pt
>
<Figures/PotentialStudy/Upsilon_P_CorrelationTest.pdf, id=178, 602.25pt x 401.5
pt>
<Figures/PotentialStudy/Upsilon_E0_CorrelationTest.pdf, id=179, 602.25pt x 401.
5pt>
<Figures/PotentialStudy/Upsilon_theta_CorrelationTest.pdf, id=180, 602.25pt x 4
01.5pt>
<Figures/PotentialStudy/Gamma_P_CorrelationTest.pdf, id=181, 602.25pt x 401.5pt
>
<Figures/PotentialStudy/Gamma_E0_CorrelationTest.pdf, id=182, 602.25pt x 401.5p
t>
<Figures/PotentialStudy/Gamma_theta_CorrelationTest.pdf, id=183, 602.25pt x 401
.5pt>

Overfull \hbox (31.05193pt too wide) in paragraph at lines 161--180
 [][] |
 []


Underfull \hbox (badness 10000) in paragraph at lines 180--180
[]\T1/cmr/m/n/10 Figure 9: |\T1/cmr/bx/n/10 Cal-i-bra-tion Strat-egy 1\T1/cmr/m
/n/10 . Cor-re-la-tion of pre-dic-tion , $\OMS/cmsy/m/n/10 f\OML/cmm/m/it/10 @[
]\OT1/cmr/m/n/10 	[]\OML/cmm/m/it/10 ; @[]\OT1/cmr/m/n/10 	[]\OML/cmm/m/it/10 ;
 @[]\OT1/cmr/m/n/10 	[]\OMS/cmsy/m/n/10 g$\T1/cmr/m/n/10 ,
 []


Underfull \hbox (badness 4291) in paragraph at lines 180--180
\OMS/cmsy/m/n/10 f\OML/cmm/m/it/10 @[]e[]; @[]d[]; @[]e[]\OMS/cmsy/m/n/10 g$\T1
/cmr/m/n/10 , $\OMS/cmsy/m/n/10 f\OML/cmm/m/it/10 @[]\OT1/cmr/m/n/10 ^^G[]\OML/
cmm/m/it/10 ; @[]\OT1/cmr/m/n/10 ^^G[]\OML/cmm/m/it/10 ; @[]\OT1/cmr/m/n/10 ^^G
[]\OMS/cmsy/m/n/10 g$ \T1/cmr/m/n/10 and $\OMS/cmsy/m/n/10 f\OML/cmm/m/it/10 @[
]\OT1/cmr/m/n/10 ^^@[]\OML/cmm/m/it/10 ; @[]\OT1/cmr/m/n/10 ^^@[]\OML/cmm/m/it/
10 ; @[]\OT1/cmr/m/n/10 ^^@[]\OMS/cmsy/m/n/10 g$ \T1/cmr/m/n/10 and their test-
ing data
 []



[31]

[32]

[33]

[34]
<Figures/PotentialStudy/e_pol_P_CorrelationTest.pdf, id=197, 602.25pt x 401.5pt
>
<Figures/PotentialStudy/e_pol_E0_CorrelationTest.pdf, id=198, 602.25pt x 401.5p
t>
<Figures/PotentialStudy/e_pol_theta_CorrelationTest.pdf, id=199, 602.25pt x 401
.5pt>

Overfull \hbox (31.05193pt too wide) in paragraph at lines 193--201
 [][] |
 []



[35

]
Overfull \vbox (4.96428pt too high) detected at line 229
 []


Overfull \vbox (8.47868pt too high) detected at line 233
 []


Overfull \vbox (0.65146pt too high) detected at line 249
 []



[36

]
Overfull \hbox (55.049pt too wide) in paragraph at lines 265--298
 [][] |
 []



[37

]
Overfull \hbox (31.05193pt too wide) in paragraph at lines 312--331
 [][] |
 []


LaTeX Warning: Reference `eqn:Hamiltonian' on page 38 undefined on input line 3
31.


LaTeX Warning: Reference `eqn:Hamiltonian' on page 38 undefined on input line 3
31.


Overfull \vbox (4.96428pt too high) detected at line 350
 []


Overfull \vbox (15.10068pt too high) detected at line 354
 []


Overfull \vbox (0.65146pt too high) detected at line 371
 []



[38

]

[39]
Overfull \hbox (55.049pt too wide) in paragraph at lines 387--420
 [][] |
 []



[40

]

LaTeX Warning: Reference `eqn:weak forms for proposed time integrator' on page 
41 undefined on input line 434.

<Figures/Example1/LShape.pdf, id=220, 957.01147pt x 1606.80084pt>


[41

]
<Figures/Example1/Meshesv2.pdf, id=224, 1320.35239pt x 612.2595pt>


[42]
Package epstopdf Info: Source file: <Figures/Example1/Tfinalv4.eps>
(epstopdf)                    date: 2024-07-26 09:41:11
(epstopdf)                    size: 67683 bytes
(epstopdf)             Output file: <Figures/Example1/Tfinalv4-eps-converted-to
.pdf>
(epstopdf)                    date: 2024-07-26 09:41:11
(epstopdf)                    size: 23777 bytes
(epstopdf)             Command: <repstopdf --outfile=Figures/Example1/Tfinalv4-
eps-converted-to.pdf Figures/Example1/Tfinalv4.eps>
(epstopdf)             \includegraphics on input line 586.
Package epstopdf Info: Output file is already uptodate.


pdfTeX warning: pdflatex (file ./Figures/Example1/Tfinalv4-eps-converted-to.pdf
): PDF inclusion: found PDF version <1.7>, but at most version <1.5> allowed
<Figures/Example1/Tfinalv4-eps-converted-to.pdf, id=228, 1058.95625pt x 794.97p
t>
Package epstopdf Info: Source file: <Figures/Example1/DTfinalv4.eps>
(epstopdf)                    date: 2024-07-26 09:41:11
(epstopdf)                    size: 69577 bytes
(epstopdf)             Output file: <Figures/Example1/DTfinalv4-eps-converted-t
o.pdf>
(epstopdf)                    date: 2024-07-26 09:41:11
(epstopdf)                    size: 24744 bytes
(epstopdf)             Command: <repstopdf --outfile=Figures/Example1/DTfinalv4
-eps-converted-to.pdf Figures/Example1/DTfinalv4.eps>
(epstopdf)             \includegraphics on input line 588.
Package epstopdf Info: Output file is already uptodate.


pdfTeX warning: pdflatex (file ./Figures/Example1/DTfinalv4-eps-converted-to.pd
f): PDF inclusion: found PDF version <1.7>, but at most version <1.5> allowed
<Figures/Example1/DTfinalv4-eps-converted-to.pdf, id=229, 1063.975pt x 798.985p
t>

Overfull \hbox (24.0pt too wide) in paragraph at lines 585--592
 [][] |
 []

Package epstopdf Info: Source file: <Figures/Example1/EnergyBalancePlots/Jv2.ep
s>
(epstopdf)                    date: 2024-07-26 09:41:14
(epstopdf)                    size: 158596 bytes
(epstopdf)             Output file: <Figures/Example1/EnergyBalancePlots/Jv2-ep
s-converted-to.pdf>
(epstopdf)                    date: 2024-07-26 09:41:14
(epstopdf)                    size: 54321 bytes
(epstopdf)             Command: <repstopdf --outfile=Figures/Example1/EnergyBal
ancePlots/Jv2-eps-converted-to.pdf Figures/Example1/EnergyBalancePlots/Jv2.eps>

(epstopdf)             \includegraphics on input line 600.
Package epstopdf Info: Output file is already uptodate.


pdfTeX warning: pdflatex (file ./Figures/Example1/EnergyBalancePlots/Jv2-eps-co
nverted-to.pdf): PDF inclusion: found PDF version <1.7>, but at most version <1
.5> allowed
<Figures/Example1/EnergyBalancePlots/Jv2-eps-converted-to.pdf, id=230, 1039.885
pt x 766.865pt>
Package epstopdf Info: Source file: <Figures/Example1/EnergyBalancePlots/Linear
Momentumv2.eps>
(epstopdf)                    date: 2024-07-26 09:41:14
(epstopdf)                    size: 214211 bytes
(epstopdf)             Output file: <Figures/Example1/EnergyBalancePlots/Linear
Momentumv2-eps-converted-to.pdf>
(epstopdf)                    date: 2024-07-26 09:41:14
(epstopdf)                    size: 72523 bytes
(epstopdf)             Command: <repstopdf --outfile=Figures/Example1/EnergyBal
ancePlots/LinearMomentumv2-eps-converted-to.pdf Figures/Example1/EnergyBalanceP
lots/LinearMomentumv2.eps>
(epstopdf)             \includegraphics on input line 601.
Package epstopdf Info: Output file is already uptodate.


pdfTeX warning: pdflatex (file ./Figures/Example1/EnergyBalancePlots/LinearMome
ntumv2-eps-converted-to.pdf): PDF inclusion: found PDF version <1.7>, but at mo
st version <1.5> allowed
<Figures/Example1/EnergyBalancePlots/LinearMomentumv2-eps-converted-to.pdf, id=
231, 1048.91875pt x 773.89125pt>
Package epstopdf Info: Source file: <Figures/Example1/EnergyBalancePlots/Entrop
yFinalv2.eps>
(epstopdf)                    date: 2024-07-26 09:41:14
(epstopdf)                    size: 546524 bytes
(epstopdf)             Output file: <Figures/Example1/EnergyBalancePlots/Entrop
yFinalv2-eps-converted-to.pdf>
(epstopdf)                    date: 2024-07-26 09:41:14
(epstopdf)                    size: 479070 bytes
(epstopdf)             Command: <repstopdf --outfile=Figures/Example1/EnergyBal
ancePlots/EntropyFinalv2-eps-converted-to.pdf Figures/Example1/EnergyBalancePlo
ts/EntropyFinalv2.eps>
(epstopdf)             \includegraphics on input line 603.
Package epstopdf Info: Output file is already uptodate.


pdfTeX warning: pdflatex (file ./Figures/Example1/EnergyBalancePlots/EntropyFin
alv2-eps-converted-to.pdf): PDF inclusion: found PDF version <1.7>, but at most
 version <1.5> allowed
<Figures/Example1/EnergyBalancePlots/EntropyFinalv2-eps-converted-to.pdf, id=23
2, 1044.90375pt x 770.88pt>
Package epstopdf Info: Source file: <Figures/Example1/EnergyBalancePlots/Energy
Finalv2.eps>
(epstopdf)                    date: 2024-07-26 09:41:14
(epstopdf)                    size: 541135 bytes
(epstopdf)             Output file: <Figures/Example1/EnergyBalancePlots/Energy
Finalv2-eps-converted-to.pdf>
(epstopdf)                    date: 2024-07-26 09:41:14
(epstopdf)                    size: 495115 bytes
(epstopdf)             Command: <repstopdf --outfile=Figures/Example1/EnergyBal
ancePlots/EnergyFinalv2-eps-converted-to.pdf Figures/Example1/EnergyBalancePlot
s/EnergyFinalv2.eps>
(epstopdf)             \includegraphics on input line 604.
Package epstopdf Info: Output file is already uptodate.


pdfTeX warning: pdflatex (file ./Figures/Example1/EnergyBalancePlots/EnergyFina
lv2-eps-converted-to.pdf): PDF inclusion: found PDF version <1.7>, but at most 
version <1.5> allowed
<Figures/Example1/EnergyBalancePlots/EnergyFinalv2-eps-converted-to.pdf, id=233
, 1172.38pt x 758.835pt>
Package epstopdf Info: Source file: <Figures/Example1/EnergyBalancePlots/DHFina
lv2.eps>
(epstopdf)                    date: 2024-07-26 09:41:14
(epstopdf)                    size: 92407 bytes
(epstopdf)             Output file: <Figures/Example1/EnergyBalancePlots/DHFina
lv2-eps-converted-to.pdf>
(epstopdf)                    date: 2024-07-26 09:41:14
(epstopdf)                    size: 33143 bytes
(epstopdf)             Command: <repstopdf --outfile=Figures/Example1/EnergyBal
ancePlots/DHFinalv2-eps-converted-to.pdf Figures/Example1/EnergyBalancePlots/DH
Finalv2.eps>
(epstopdf)             \includegraphics on input line 606.
Package epstopdf Info: Output file is already uptodate.


pdfTeX warning: pdflatex (file ./Figures/Example1/EnergyBalancePlots/DHFinalv2-
eps-converted-to.pdf): PDF inclusion: found PDF version <1.7>, but at most vers
ion <1.5> allowed
<Figures/Example1/EnergyBalancePlots/DHFinalv2-eps-converted-to.pdf, id=234, 11
34.2375pt x 761.84625pt>
Package epstopdf Info: Source file: <Figures/Example1/EnergyBalancePlots/DHEMv2
.eps>
(epstopdf)                    date: 2024-07-26 09:41:14
(epstopdf)                    size: 67858 bytes
(epstopdf)             Output file: <Figures/Example1/EnergyBalancePlots/DHEMv2
-eps-converted-to.pdf>
(epstopdf)                    date: 2024-07-26 09:41:14
(epstopdf)                    size: 25639 bytes
(epstopdf)             Command: <repstopdf --outfile=Figures/Example1/EnergyBal
ancePlots/DHEMv2-eps-converted-to.pdf Figures/Example1/EnergyBalancePlots/DHEMv
2.eps>
(epstopdf)             \includegraphics on input line 607.
Package epstopdf Info: Output file is already uptodate.


pdfTeX warning: pdflatex (file ./Figures/Example1/EnergyBalancePlots/DHEMv2-eps
-converted-to.pdf): PDF inclusion: found PDF version <1.7>, but at most version
 <1.5> allowed
<Figures/Example1/EnergyBalancePlots/DHEMv2-eps-converted-to.pdf, id=235, 1015.
795pt x 776.9025pt>

Overfull \hbox (24.0pt too wide) in paragraph at lines 599--612
 [][] |
 []


LaTeX Warning: Reference `eqn:Hamiltonian' on page 43 undefined on input line 6
12.


LaTeX Warning: Reference `eqn:Hamiltonian' on page 43 undefined on input line 6
12.



[43]
<Figures/Example1/Temperature/TS25v2.png, id=240, 268.00125pt x 497.60907pt>
<Figures/Example1/Temperature/TS50v2.png, id=241, 283.81032pt x 523.20468pt>
<Figures/Example1/Temperature/TS80v2.png, id=242, 500.62032pt x 261.97874pt>
<Figures/Example1/Temperature/TS110v2.png, id=243, 456.95718pt x 443.40656pt>
<Figures/Example1/Temperature/TS150v2.png, id=244, 342.5297pt x 466.74374pt>
<Figures/Example1/Temperature/TS190v2.png, id=245, 489.32813pt x 286.06876pt>
<Figures/Example1/Temperature/TS210v2.png, id=246, 437.38406pt x 359.84438pt>
<Figures/Example1/Temperature/TS250v2.png, id=247, 264.23718pt x 476.53032pt>
<Figures/Example1/Temperature/TS330v2.png, id=248, 271.0125pt x 441.14813pt>
<Figures/Example1/Temperature/TS350v2.png, id=249, 347.04657pt x 459.96844pt>
<Figures/Example1/Temperature/TS400v2.png, id=250, 535.2497pt x 337.26pt>
<Figures/Example1/Temperature/TS430v2.png, id=251, 345.54094pt x 496.10344pt>
<Figures/Example1/Temperature/TSColorBarv2.png, id=252, 325.215pt x 75.28125pt>


Underfull \hbox (badness 1215) in paragraph at lines 730--730
[]\T1/cmr/m/n/10 Figure 18: |Nu-mer-i-cal ex-am-ple 1. Con-tour plot dis-tri-bu
-tion of ab-so-lute tem-per-a-ture $\OML/cmm/m/it/10 T\OT1/cmr/m/n/10 (\OML/cmm
/m/it/10 K\OT1/cmr/m/n/10 )$ \T1/cmr/m/n/10 for $\OML/cmm/m/it/10 t \OT1/cmr/m/
n/10 =
 []



[44]

[45]

[46]
Package epstopdf Info: Source file: <Figures/Example3/TheActuatorAndMeshForStud
y.eps>
(epstopdf)                    date: 2024-07-26 09:41:11
(epstopdf)                    size: 2745370 bytes
(epstopdf)             Output file: <Figures/Example3/TheActuatorAndMeshForStud
y-eps-converted-to.pdf>
(epstopdf)                    date: 2024-07-26 09:41:11
(epstopdf)                    size: 2135879 bytes
(epstopdf)             Command: <repstopdf --outfile=Figures/Example3/TheActuat
orAndMeshForStudy-eps-converted-to.pdf Figures/Example3/TheActuatorAndMeshForSt
udy.eps>
(epstopdf)             \includegraphics on input line 758.
Package epstopdf Info: Output file is already uptodate.


pdfTeX warning: pdflatex (file ./Figures/Example3/TheActuatorAndMeshForStudy-ep
s-converted-to.pdf): PDF inclusion: found PDF version <1.7>, but at most versio
n <1.5> allowed
<Figures/Example3/TheActuatorAndMeshForStudy-eps-converted-to.pdf, id=262, 2122
.93124pt x 785.93625pt>

LaTeX Warning: Reference `sec:constitutive models' on page 47 undefined on inpu
t line 770.


LaTeX Warning: Reference `eqn:MRv2' on page 47 undefined on input line 770.


LaTeX Warning: Reference `eqn:thermal contribution' on page 47 undefined on inp
ut line 770.


LaTeX Warning: Reference `eqn:coupled contribution' on page 47 undefined on inp
ut line 770.


LaTeX Warning: Reference `eqn:Hamiltonian' on page 47 undefined on input line 8
35.


LaTeX Warning: Reference `eqn:balance of energy final' on page 47 undefined on 
input line 835.


LaTeX Warning: Reference `eqn:Hamiltonian' on page 47 undefined on input line 8
35.


LaTeX Warning: Reference `conservation of energy discrete V' on page 47 undefin
ed on input line 835.

Package epstopdf Info: Source file: <Figures/Example3/EnergyBalance/TFinalv2.ep
s>
(epstopdf)                    date: 2024-07-26 09:41:14
(epstopdf)                    size: 805436 bytes
(epstopdf)             Output file: <Figures/Example3/EnergyBalance/TFinalv2-ep
s-converted-to.pdf>
(epstopdf)                    date: 2024-07-26 09:41:14
(epstopdf)                    size: 667064 bytes
(epstopdf)             Command: <repstopdf --outfile=Figures/Example3/EnergyBal
ance/TFinalv2-eps-converted-to.pdf Figures/Example3/EnergyBalance/TFinalv2.eps>

(epstopdf)             \includegraphics on input line 918.
Package epstopdf Info: Output file is already uptodate.


pdfTeX warning: pdflatex (file ./Figures/Example3/EnergyBalance/TFinalv2-eps-co
nverted-to.pdf): PDF inclusion: found PDF version <1.7>, but at most version <1
.5> allowed
<Figures/Example3/EnergyBalance/TFinalv2-eps-converted-to.pdf, id=263, 1156.32p
t x 868.24374pt>
Package epstopdf Info: Source file: <Figures/Example3/EnergyBalance/DTv2.eps>
(epstopdf)                    date: 2024-07-26 09:41:14
(epstopdf)                    size: 822868 bytes
(epstopdf)             Output file: <Figures/Example3/EnergyBalance/DTv2-eps-co
nverted-to.pdf>
(epstopdf)                    date: 2024-07-26 09:41:14
(epstopdf)                    size: 676542 bytes
(epstopdf)             Command: <repstopdf --outfile=Figures/Example3/EnergyBal
ance/DTv2-eps-converted-to.pdf Figures/Example3/EnergyBalance/DTv2.eps>
(epstopdf)             \includegraphics on input line 919.
Package epstopdf Info: Output file is already uptodate.


pdfTeX warning: pdflatex (file ./Figures/Example3/EnergyBalance/DTv2-eps-conver
ted-to.pdf): PDF inclusion: found PDF version <1.7>, but at most version <1.5> 
allowed
<Figures/Example3/EnergyBalance/DTv2-eps-converted-to.pdf, id=264, 1178.4025pt 
x 869.2475pt>
Package epstopdf Info: Source file: <Figures/Example3/EnergyBalance/Energy.eps>

(epstopdf)                    date: 2024-07-26 09:41:14
(epstopdf)                    size: 106118 bytes
(epstopdf)             Output file: <Figures/Example3/EnergyBalance/Energy-eps-
converted-to.pdf>
(epstopdf)                    date: 2024-07-26 09:41:14
(epstopdf)                    size: 32893 bytes
(epstopdf)             Command: <repstopdf --outfile=Figures/Example3/EnergyBal
ance/Energy-eps-converted-to.pdf Figures/Example3/EnergyBalance/Energy.eps>
(epstopdf)             \includegraphics on input line 920.
Package epstopdf Info: Output file is already uptodate.


pdfTeX warning: pdflatex (file ./Figures/Example3/EnergyBalance/Energy-eps-conv
erted-to.pdf): PDF inclusion: found PDF version <1.7>, but at most version <1.5
> allowed
<Figures/Example3/EnergyBalance/Energy-eps-converted-to.pdf, id=265, 1423.3175p
t x 1049.9225pt>
Package epstopdf Info: Source file: <Figures/Example3/EnergyBalance/DEnergy.eps
>
(epstopdf)                    date: 2024-07-26 09:41:14
(epstopdf)                    size: 137776 bytes
(epstopdf)             Output file: <Figures/Example3/EnergyBalance/DEnergy-eps
-converted-to.pdf>
(epstopdf)                    date: 2024-07-26 09:41:14
(epstopdf)                    size: 47732 bytes
(epstopdf)             Command: <repstopdf --outfile=Figures/Example3/EnergyBal
ance/DEnergy-eps-converted-to.pdf Figures/Example3/EnergyBalance/DEnergy.eps>
(epstopdf)             \includegraphics on input line 921.
Package epstopdf Info: Output file is already uptodate.


pdfTeX warning: pdflatex (file ./Figures/Example3/EnergyBalance/DEnergy-eps-con
verted-to.pdf): PDF inclusion: found PDF version <1.7>, but at most version <1.
5> allowed
<Figures/Example3/EnergyBalance/DEnergy-eps-converted-to.pdf, id=266, 1350.0437
5pt x 1049.9225pt>

Overfull \hbox (24.0pt too wide) in paragraph at lines 917--928
 [][] |
 []


LaTeX Warning: Reference `eqn:Hamiltonian' on page 47 undefined on input line 9
28.


LaTeX Warning: Reference `eqn:Hamiltonian' on page 47 undefined on input line 9
28.

Package epstopdf Info: Source file: <Figures/Example3/MeshAndDetail.eps>
(epstopdf)                    date: 2024-07-26 09:41:11
(epstopdf)                    size: 136352 bytes
(epstopdf)             Output file: <Figures/Example3/MeshAndDetail-eps-convert
ed-to.pdf>
(epstopdf)                    date: 2024-07-26 09:41:11
(epstopdf)                    size: 106781 bytes
(epstopdf)             Command: <repstopdf --outfile=Figures/Example3/MeshAndDe
tail-eps-converted-to.pdf Figures/Example3/MeshAndDetail.eps>
(epstopdf)             \includegraphics on input line 935.
Package epstopdf Info: Output file is already uptodate.


pdfTeX warning: pdflatex (file ./Figures/Example3/MeshAndDetail-eps-converted-t
o.pdf): PDF inclusion: found PDF version <1.7>, but at most version <1.5> allow
ed
<Figures/Example3/MeshAndDetail-eps-converted-to.pdf, id=267, 2758.305pt x 1531
.7225pt>
<Figures/Example3/PressureNew/t1.png, id=268, 1927.2pt x 1084.05pt>
<Figures/Example3/PressureNew/t8.png, id=270, 1927.2pt x 1084.05pt>
<Figures/Example3/PressureNew/t2.png, id=271, 1927.2pt x 1084.05pt>
<Figures/Example3/PressureNew/t10.png, id=272, 1927.2pt x 1084.05pt>
<Figures/Example3/PressureNew/t4.png, id=273, 1927.2pt x 1084.05pt>
<Figures/Example3/PressureNew/t13.png, id=274, 1927.2pt x 1084.05pt>
<Figures/Example3/PressureNew/t06.png, id=275, 1927.2pt x 1084.05pt>
<Figures/Example3/PressureNew/t14.png, id=276, 1927.2pt x 1084.05pt>
<Figures/Example3/PressureNew/ColorBarv2.png, id=277, 350.81062pt x 58.71938pt>



[47]

[48]

[49]

[50]
<Figures/Example2/ThinPlate.pdf, id=291, 2377.60071pt x 1928.53336pt>
<Figures/Example2/MeshForStudy.png, id=292, 482.55281pt x 419.31656pt>
<Figures/Example2/TheMeshandDetail.pdf, id=293, 1135.02621pt x 518.19666pt>

Overfull \hbox (16.19263pt too wide) in paragraph at lines 1104--1111
 [][] |
 []


LaTeX Warning: Reference `sec:constitutive models' on page 51 undefined on inpu
t line 1116.


LaTeX Warning: Reference `eqn:MRv2' on page 51 undefined on input line 1116.


LaTeX Warning: Reference `eqn:thermal contribution' on page 51 undefined on inp
ut line 1116.


LaTeX Warning: Reference `eqn:coupled contribution' on page 51 undefined on inp
ut line 1116.

Package epstopdf Info: Source file: <Figures/Example2/EnergyBalance/J.eps>
(epstopdf)                    date: 2024-07-26 09:41:14
(epstopdf)                    size: 1092875 bytes
(epstopdf)             Output file: <Figures/Example2/EnergyBalance/J-eps-conve
rted-to.pdf>
(epstopdf)                    date: 2024-07-26 09:41:14
(epstopdf)                    size: 368616 bytes
(epstopdf)             Command: <repstopdf --outfile=Figures/Example2/EnergyBal
ance/J-eps-converted-to.pdf Figures/Example2/EnergyBalance/J.eps>
(epstopdf)             \includegraphics on input line 1165.
Package epstopdf Info: Output file is already uptodate.


pdfTeX warning: pdflatex (file ./Figures/Example2/EnergyBalance/J-eps-converted
-to.pdf): PDF inclusion: found PDF version <1.7>, but at most version <1.5> all
owed
<Figures/Example2/EnergyBalance/J-eps-converted-to.pdf, id=294, 1038.88126pt x 
835.12pt>
Package epstopdf Info: Source file: <Figures/Example2/EnergyBalance/L.eps>
(epstopdf)                    date: 2024-07-26 09:41:14
(epstopdf)                    size: 1084037 bytes
(epstopdf)             Output file: <Figures/Example2/EnergyBalance/L-eps-conve
rted-to.pdf>
(epstopdf)                    date: 2024-07-26 09:41:14
(epstopdf)                    size: 341187 bytes
(epstopdf)             Command: <repstopdf --outfile=Figures/Example2/EnergyBal
ance/L-eps-converted-to.pdf Figures/Example2/EnergyBalance/L.eps>
(epstopdf)             \includegraphics on input line 1166.
Package epstopdf Info: Output file is already uptodate.


pdfTeX warning: pdflatex (file ./Figures/Example2/EnergyBalance/L-eps-converted
-to.pdf): PDF inclusion: found PDF version <1.7>, but at most version <1.5> all
owed
<Figures/Example2/EnergyBalance/L-eps-converted-to.pdf, id=295, 1038.88126pt x 
765.86125pt>
Package epstopdf Info: Source file: <Figures/Example2/EnergyBalance/TheEntropy.
eps>
(epstopdf)                    date: 2024-07-26 09:41:14
(epstopdf)                    size: 86786 bytes
(epstopdf)             Output file: <Figures/Example2/EnergyBalance/TheEntropy-
eps-converted-to.pdf>
(epstopdf)                    date: 2024-07-26 09:41:14
(epstopdf)                    size: 31276 bytes
(epstopdf)             Command: <repstopdf --outfile=Figures/Example2/EnergyBal
ance/TheEntropy-eps-converted-to.pdf Figures/Example2/EnergyBalance/TheEntropy.
eps>
(epstopdf)             \includegraphics on input line 1168.
Package epstopdf Info: Output file is already uptodate.


pdfTeX warning: pdflatex (file ./Figures/Example2/EnergyBalance/TheEntropy-eps-
converted-to.pdf): PDF inclusion: found PDF version <1.7>, but at most version 
<1.5> allowed
<Figures/Example2/EnergyBalance/TheEntropy-eps-converted-to.pdf, id=296, 1286.8
075pt x 966.61125pt>
Package epstopdf Info: Source file: <Figures/Example2/EnergyBalance/HFinal.eps>

(epstopdf)                    date: 2024-07-26 09:41:14
(epstopdf)                    size: 213513 bytes
(epstopdf)             Output file: <Figures/Example2/EnergyBalance/HFinal-eps-
converted-to.pdf>
(epstopdf)                    date: 2024-07-26 09:41:14
(epstopdf)                    size: 70380 bytes
(epstopdf)             Command: <repstopdf --outfile=Figures/Example2/EnergyBal
ance/HFinal-eps-converted-to.pdf Figures/Example2/EnergyBalance/HFinal.eps>
(epstopdf)             \includegraphics on input line 1169.
Package epstopdf Info: Output file is already uptodate.


pdfTeX warning: pdflatex (file ./Figures/Example2/EnergyBalance/HFinal-eps-conv
erted-to.pdf): PDF inclusion: found PDF version <1.7>, but at most version <1.5
> allowed
<Figures/Example2/EnergyBalance/HFinal-eps-converted-to.pdf, id=297, 1286.8075p
t x 949.5475pt>
Package epstopdf Info: Source file: <Figures/Example2/EnergyBalance/DHFinal.eps
>
(epstopdf)                    date: 2024-07-26 09:41:14
(epstopdf)                    size: 770171 bytes
(epstopdf)             Output file: <Figures/Example2/EnergyBalance/DHFinal-eps
-converted-to.pdf>
(epstopdf)                    date: 2024-07-26 09:41:14
(epstopdf)                    size: 1369208 bytes
(epstopdf)             Command: <repstopdf --outfile=Figures/Example2/EnergyBal
ance/DHFinal-eps-converted-to.pdf Figures/Example2/EnergyBalance/DHFinal.eps>
(epstopdf)             \includegraphics on input line 1171.
Package epstopdf Info: Output file is already uptodate.


pdfTeX warning: pdflatex (file ./Figures/Example2/EnergyBalance/DHFinal-eps-con
verted-to.pdf): PDF inclusion: found PDF version <1.7>, but at most version <1.
5> allowed
<Figures/Example2/EnergyBalance/DHFinal-eps-converted-to.pdf, id=298, 1433.355p
t x 1096.095pt>
Package epstopdf Info: Source file: <Figures/Example2/EnergyBalance/HEM.eps>
(epstopdf)                    date: 2024-07-26 09:41:14
(epstopdf)                    size: 308752 bytes
(epstopdf)             Output file: <Figures/Example2/EnergyBalance/HEM-eps-con
verted-to.pdf>
(epstopdf)                    date: 2024-07-26 09:41:14
(epstopdf)                    size: 82143 bytes
(epstopdf)             Command: <repstopdf --outfile=Figures/Example2/EnergyBal
ance/HEM-eps-converted-to.pdf Figures/Example2/EnergyBalance/HEM.eps>
(epstopdf)             \includegraphics on input line 1172.
Package epstopdf Info: Output file is already uptodate.


pdfTeX warning: pdflatex (file ./Figures/Example2/EnergyBalance/HEM-eps-convert
ed-to.pdf): PDF inclusion: found PDF version <1.7>, but at most version <1.5> a
llowed
<Figures/Example2/EnergyBalance/HEM-eps-converted-to.pdf, id=299, 1423.3175pt x
 1088.065pt>

Overfull \hbox (73.5108pt too wide) in paragraph at lines 1164--1177
 [][] |
 []


LaTeX Warning: Reference `eqn:Hamiltonian' on page 51 undefined on input line 1
177.


LaTeX Warning: Reference `eqn:Hamiltonian' on page 51 undefined on input line 1
177.



[51]

[52]
<Figures/Example2/Pressure/Paraview100v2.png, id=307, 513.41812pt x 365.86688pt
>
<Figures/Example2/Pressure/Paraview220v2.png, id=308, 608.2725pt x 539.01375pt>

<Figures/Example2/Pressure/Paraview550v2.png, id=309, 517.935pt x 430.60875pt>
<Figures/Example2/Pressure/Paraview180v2.png, id=310, 539.01375pt x 458.46281pt
>
<Figures/Example2/Pressure/Paraview250v2.png, id=311, 606.76688pt x 531.48563pt
>
<Figures/Example2/Pressure/Paraview570v2.png, id=312, 542.025pt x 472.76625pt>
<Figures/Example2/Pressure/Paraview200v2.png, id=313, 592.46344pt x 526.96875pt
>
<Figures/Example2/Pressure/Paraview300v2.png, id=314, 574.39594pt x 474.27188pt
>
<Figures/Example2/Pressure/Paraview590v2.png, id=315, 564.60938pt x 493.845pt>
<Figures/Example2/Pressure/Paraview210v2.png, id=316, 511.15968pt x 444.91219pt
>
<Figures/Example2/Pressure/Paraview400v2.png, id=317, 565.36218pt x 405.01312pt
>
<Figures/Example2/Pressure/Paraview600v2.png, id=318, 599.23875pt x 520.94624pt
>
<Figures/Example2/Pressure/ColorBarv2.png, id=319, 396.7322pt x 100.87688pt>

Overfull \hbox (26.09631pt too wide) in paragraph at lines 1255--1273
 [][] |
 []

<Figures/Example2/Blenderimage1.png, id=320, 1927.2pt x 1084.05pt>
<Figures/Example2/individual4.png, id=321, 1927.2pt x 1084.05pt>
Package epstopdf Info: Source file: <Figures/Example2/SolidColor/Evolution.eps>

(epstopdf)                    date: 2024-07-26 09:41:14
(epstopdf)                    size: 3838106 bytes
(epstopdf)             Output file: <Figures/Example2/SolidColor/Evolution-eps-
converted-to.pdf>
(epstopdf)                    date: 2024-07-26 09:41:14
(epstopdf)                    size: 856899 bytes
(epstopdf)             Command: <repstopdf --outfile=Figures/Example2/SolidColo
r/Evolution-eps-converted-to.pdf Figures/Example2/SolidColor/Evolution.eps>
(epstopdf)             \includegraphics on input line 1358.
Package epstopdf Info: Output file is already uptodate.


pdfTeX warning: pdflatex (file ./Figures/Example2/SolidColor/Evolution-eps-conv
erted-to.pdf): PDF inclusion: found PDF version <1.7>, but at most version <1.5
> allowed
<Figures/Example2/SolidColor/Evolution-eps-converted-to.pdf, id=322, 983.675pt 
x 742.775pt>
)

[53]

[54]

[55]

[56] (./section/07_conclusion.tex) (./NeuralNetwork.tex
Overfull \hbox (14.09758pt too wide) in paragraph at lines 42--50
[][] |
 []


Overfull \hbox (8.22401pt too wide) in paragraph at lines 64--72
[][] |
 []


Overfull \vbox (4.96428pt too high) detected at line 88
 []


Overfull \vbox (15.10068pt too high) detected at line 92
 []


Overfull \vbox (5.95016pt too high) detected at line 109
 []


Overfull \hbox (49.17569pt too wide) in paragraph at lines 82--114
 [][] |
 []

) (./acknowledgement.tex)

[57

]

[58]

[59] (./section/12_Appendix_entropy_based_formulation.tex

LaTeX Warning: Reference `eqn:weak forms for proposed time integrator' on page 
60 undefined on input line 3.


LaTeX Warning: Reference `eqn:local form energy our format' on page 60 undefine
d on input line 19.


Overfull \hbox (20.11949pt too wide) detected at line 31
[][][]|
 []


LaTeX Warning: Reference `eqn:DDC' on page 60 undefined on input line 44.


LaTeX Warning: Reference `sec:discrete form linear momentum' on page 60 undefin
ed on input line 45.


LaTeX Warning: Reference `eqn:discrete form angular momentum' on page 60 undefi
ned on input line 45.


LaTeX Warning: Reference `eqn:directionality property' on page 60 undefined on 
input line 57.


LaTeX Warning: Reference `conservation of energy discrete V' on page 60 undefin
ed on input line 78.


LaTeX Warning: Reference `sec:constitutive models' on page 60 undefined on inpu
t line 78.


LaTeX Warning: Reference `eqn:additive decomposition internal energy' on page 6
0 undefined on input line 78.


LaTeX Warning: Reference `eqn:explicit internal energy' on page 60 undefined on
 input line 78.



[60])

[61] (./section/10_Appendix_truncation.tex

LaTeX Warning: Reference `eqn:approximated expression for DWdeltavarphi' on pag
e 62 undefined on input line 5.


LaTeX Warning: Reference `eqn:weak forms for proposed time integrator' on page 
62 undefined on input line 5.



[62]

LaTeX Warning: Reference `eqn:MR' on page 63 undefined on input line 172.


LaTeX Warning: Reference `eqn:MRv2' on page 63 undefined on input line 172.


LaTeX Warning: Reference `eqn:directionality property' on page 63 undefined on 
input line 183.


LaTeX Warning: Reference `eqn:directionality property' on page 63 undefined on 
input line 183.



[63]

LaTeX Warning: Reference `eqn:definition of the discrete derivatives' on page 6
4 undefined on input line 223.


LaTeX Warning: Reference `eqn:directional derivatives C' on page 64 undefined o
n input line 308.


Overfull \hbox (0.31096pt too wide) detected at line 358
[][][]|
 []



[64])

[65] (./section/11_Appendix_Betsch_formulation.tex

LaTeX Warning: Reference `eqn:weak forms for proposed time integrator' on page 
66 undefined on input line 3.


LaTeX Warning: Reference `eqn:DDC' on page 66 undefined on input line 28.


LaTeX Warning: Reference `eqn:Legendre transform' on page 66 undefined on input
 line 28.


LaTeX Warning: Reference `eqn:weak forms for proposed time integrator' on page 
66 undefined on input line 34.


LaTeX Warning: Reference `eqn:weak forms for proposed time integrator' on page 
66 undefined on input line 42.


LaTeX Warning: Reference `eqn:local form energy our format' on page 66 undefine
d on input line 42.


LaTeX Warning: Reference `eqn:approximated expression for DWdeltavarphi' on pag
e 66 undefined on input line 44.


LaTeX Warning: Reference `eqn:weak forms for proposed time integrator' on page 
66 undefined on input line 44.


LaTeX Warning: Reference `eqn:approximated expression for DWdeltavarphi' on pag
e 66 undefined on input line 44.


LaTeX Warning: Reference `eqn:weak forms for proposed time integrator' on page 
66 undefined on input line 46.


LaTeX Warning: Reference `eqn:MRv2' on page 66 undefined on input line 48.


LaTeX Warning: Reference `eqn:thermal contribution' on page 66 undefined on inp
ut line 48.


LaTeX Warning: Reference `eqn:coupled contribution' on page 66 undefined on inp
ut line 48.

)

[66] (./section/13_Appendix_constitutive_model.tex

LaTeX Warning: Reference `sec:constitutive models' on page 67 undefined on inpu
t line 1.

)

[67] (./ThermoMechanicsPaper.bbl

[68])

Package natbib Warning: There were undefined citations.



[69] (./ThermoMechanicsPaper.aux)
 ***********
LaTeX2e <2024-06-01> patch level 2
L3 programming layer <2024-08-30>
 ***********


LaTeX Warning: There were undefined references.


LaTeX Warning: There were multiply-defined labels.

 ) 
Here is how much of TeX's memory you used:
 26447 strings out of 473579
 589897 string characters out of 5728234
 994032 words of memory out of 5000000
 48769 multiletter control sequences out of 15000+600000
 587959 words of font info for 124 fonts, out of 8000000 for 9000
 1141 hyphenation exceptions out of 8191
 89i,25n,96p,1836b,557s stack positions out of 10000i,1000n,20000p,200000b,200000s
</usr/local/texlive/2024/texmf-dist/fonts/type1/public/amsfonts/cm/cmbsy10.pf
b></usr/local/texlive/2024/texmf-dist/fonts/type1/public/amsfonts/cmextra/cmbsy
8.pfb></usr/local/texlive/2024/texmf-dist/fonts/type1/public/amsfonts/cm/cmbx10
.pfb></usr/local/texlive/2024/texmf-dist/fonts/type1/public/amsfonts/cm/cmbx12.
pfb></usr/local/texlive/2024/texmf-dist/fonts/type1/public/amsfonts/cm/cmbx6.pf
b></usr/local/texlive/2024/texmf-dist/fonts/type1/public/amsfonts/cm/cmbx8.pfb>
</usr/local/texlive/2024/texmf-dist/fonts/type1/public/amsfonts/cm/cmex10.pfb><
/usr/local/texlive/2024/texmf-dist/fonts/type1/public/amsfonts/cmextra/cmex8.pf
b></usr/local/texlive/2024/texmf-dist/fonts/type1/public/amsfonts/cm/cmmi10.pfb
></usr/local/texlive/2024/texmf-dist/fonts/type1/public/amsfonts/cm/cmmi12.pfb>
</usr/local/texlive/2024/texmf-dist/fonts/type1/public/amsfonts/cm/cmmi5.pfb></
usr/local/texlive/2024/texmf-dist/fonts/type1/public/amsfonts/cm/cmmi6.pfb></us
r/local/texlive/2024/texmf-dist/fonts/type1/public/amsfonts/cm/cmmi7.pfb></usr/
local/texlive/2024/texmf-dist/fonts/type1/public/amsfonts/cm/cmmi8.pfb></usr/lo
cal/texlive/2024/texmf-dist/fonts/type1/public/amsfonts/cm/cmmib10.pfb></usr/lo
cal/texlive/2024/texmf-dist/fonts/type1/public/amsfonts/cmextra/cmmib6.pfb></us
r/local/texlive/2024/texmf-dist/fonts/type1/public/amsfonts/cmextra/cmmib7.pfb>
</usr/local/texlive/2024/texmf-dist/fonts/type1/public/amsfonts/cmextra/cmmib8.
pfb></usr/local/texlive/2024/texmf-dist/fonts/type1/public/amsfonts/cm/cmr10.pf
b></usr/local/texlive/2024/texmf-dist/fonts/type1/public/amsfonts/cm/cmr12.pfb>
</usr/local/texlive/2024/texmf-dist/fonts/type1/public/amsfonts/cm/cmr5.pfb></u
sr/local/texlive/2024/texmf-dist/fonts/type1/public/amsfonts/cm/cmr6.pfb></usr/
local/texlive/2024/texmf-dist/fonts/type1/public/amsfonts/cm/cmr7.pfb></usr/loc
al/texlive/2024/texmf-dist/fonts/type1/public/amsfonts/cm/cmr8.pfb></usr/local/
texlive/2024/texmf-dist/fonts/type1/public/amsfonts/cm/cmsy10.pfb></usr/local/t
exlive/2024/texmf-dist/fonts/type1/public/amsfonts/cm/cmsy6.pfb></usr/local/tex
live/2024/texmf-dist/fonts/type1/public/amsfonts/cm/cmsy7.pfb></usr/local/texli
ve/2024/texmf-dist/fonts/type1/public/amsfonts/cm/cmsy8.pfb></usr/local/texlive
/2024/texmf-dist/fonts/type1/public/amsfonts/euler/eurb10.pfb></usr/local/texli
ve/2024/texmf-dist/fonts/type1/public/amsfonts/symbols/msbm10.pfb></usr/local/t
exlive/2024/texmf-dist/fonts/type1/public/cm-super/sfbx1000.pfb></usr/local/tex
live/2024/texmf-dist/fonts/type1/public/cm-super/sfbx1200.pfb></usr/local/texli
ve/2024/texmf-dist/fonts/type1/public/cm-super/sfrm0600.pfb></usr/local/texlive
/2024/texmf-dist/fonts/type1/public/cm-super/sfrm0700.pfb></usr/local/texlive/2
024/texmf-dist/fonts/type1/public/cm-super/sfrm0800.pfb></usr/local/texlive/202
4/texmf-dist/fonts/type1/public/cm-super/sfrm1000.pfb></usr/local/texlive/2024/
texmf-dist/fonts/type1/public/cm-super/sfrm1200.pfb></usr/local/texlive/2024/te
xmf-dist/fonts/type1/public/cm-super/sfrm1728.pfb></usr/local/texlive/2024/texm
f-dist/fonts/type1/public/cm-super/sfti1000.pfb></usr/local/texlive/2024/texmf-
dist/fonts/type1/public/cm-super/sfti1200.pfb></usr/local/texlive/2024/texmf-di
st/fonts/type1/public/cm-super/sftt1200.pfb>
Output written on ThermoMechanicsPaper.pdf (69 pages, 787257 bytes).
PDF statistics:
 552 PDF objects out of 1000 (max. 8388607)
 284 compressed objects within 3 object streams
 0 named destinations out of 1000 (max. 500000)
 563 words of extra memory for PDF output out of 10000 (max. 10000000)

